This is pdfTeX, Version 3.14159265-2.6-1.40.21 (MiKTeX 2.9.7380 64-bit) (preloaded format=pdflatex 2020.4.1)  26 MAR 2021 19:52
entering extended mode
**./main.tex
(main.tex
LaTeX2e <2020-02-02> patch level 5
L3 programming layer <2020-03-06>
("C:\Users\vivia\AppData\Local\Programs\MiKTeX 2.9\tex/latex/base\report.cls"
Document Class: report 2019/12/20 v1.4l Standard LaTeX document class
("C:\Users\vivia\AppData\Local\Programs\MiKTeX 2.9\tex/latex/base\size12.clo"
File: size12.clo 2019/12/20 v1.4l Standard LaTeX file (size option)
)
\c@part=\count167
\c@chapter=\count168
\c@section=\count169
\c@subsection=\count170
\c@subsubsection=\count171
\c@paragraph=\count172
\c@subparagraph=\count173
\c@figure=\count174
\c@table=\count175
\abovecaptionskip=\skip47
\belowcaptionskip=\skip48
\bibindent=\dimen134
) ("C:\Users\vivia\AppData\Local\Programs\MiKTeX 2.9\tex/generic/babel\babel.st
y"
Package: babel 2020/03/22 3.42 The Babel package

("C:\Users\vivia\AppData\Local\Programs\MiKTeX 2.9\tex/generic/babel\switch.def
"
File: switch.def 2020/03/22 3.42 Babel switching mechanism
)
*************************************
* Local config file bblopts.cfg used
*
("C:\Users\vivia\AppData\Local\Programs\MiKTeX 2.9\tex/latex/arabi\bblopts.cfg"
File: bblopts.cfg 2005/09/08 v0.1 add Arabic and Farsi to "declared" options of
 babel
)
("C:\Users\vivia\AppData\Local\Programs\MiKTeX 2.9\tex/latex/babel-english\engl
ish.ldf"
Language: english 2017/06/06 v3.3r English support from the babel system

("C:\Users\vivia\AppData\Local\Programs\MiKTeX 2.9\tex/generic/babel\babel.def"
File: babel.def 2020/03/22 3.42 Babel common definitions
\babel@savecnt=\count176
\U@D=\dimen135

("C:\Users\vivia\AppData\Local\Programs\MiKTeX 2.9\tex/generic/babel\txtbabel.d
ef")
\bbl@readstream=\read2
\bbl@dirlevel=\count177
)
Package babel Info: \l@canadian = using hyphenrules for english
(babel)             (\language0) on input line 102.
Package babel Info: \l@australian = using hyphenrules for ukenglish
(babel)             (\language77) on input line 105.
Package babel Info: \l@newzealand = using hyphenrules for ukenglish
(babel)             (\language77) on input line 108.
)) (packages/sleek.sty

LaTeX Warning: You have requested package `packages/sleek',
               but the package provides `sleek'.

Package: sleek 2020/10/29 v1.01 Sleek Package
("C:\Users\vivia\AppData\Local\Programs\MiKTeX 2.9\tex/latex/base\inputenc.sty"
Package: inputenc 2018/08/11 v1.3c Input encoding file
\inpenc@prehook=\toks15
\inpenc@posthook=\toks16
) ("C:\Users\vivia\AppData\Local\Programs\MiKTeX 2.9\tex/latex/base\fontenc.sty
"
Package: fontenc 2020/02/11 v2.0o Standard LaTeX package
)
("C:\Users\vivia\AppData\Local\Programs\MiKTeX 2.9\tex/latex/eurosym\eurosym.st
y"
Package: eurosym 1998/08/06 v1.1 European currency symbol ``Euro''
\@eurobox=\box45
)
("C:\Users\vivia\AppData\Local\Programs\MiKTeX 2.9\tex/latex/geometry\geometry.
sty"
Package: geometry 2020/01/02 v5.9 Page Geometry

("C:\Users\vivia\AppData\Local\Programs\MiKTeX 2.9\tex/latex/graphics\keyval.st
y"
Package: keyval 2014/10/28 v1.15 key=value parser (DPC)
\KV@toks@=\toks17
)
("C:\Users\vivia\AppData\Local\Programs\MiKTeX 2.9\tex/generic/iftex\ifvtex.sty
"
Package: ifvtex 2019/10/25 v1.7 ifvtex legacy package. Use iftex instead.
 ("C:\Users\vivia\AppData\Local\Programs\MiKTeX 2.9\tex/generic/iftex\iftex.sty
"
Package: iftex 2020/03/06 v1.0d TeX engine tests
))
\Gm@cnth=\count178
\Gm@cntv=\count179
\c@Gm@tempcnt=\count180
\Gm@bindingoffset=\dimen136
\Gm@wd@mp=\dimen137
\Gm@odd@mp=\dimen138
\Gm@even@mp=\dimen139
\Gm@layoutwidth=\dimen140
\Gm@layoutheight=\dimen141
\Gm@layouthoffset=\dimen142
\Gm@layoutvoffset=\dimen143
\Gm@dimlist=\toks18

("C:\Users\vivia\AppData\Local\Programs\MiKTeX 2.9\tex/latex/geometry\geometry.
cfg"))
("C:\Users\vivia\AppData\Local\Programs\MiKTeX 2.9\tex/latex/fancyhdr\fancyhdr.
sty"
Package: fancyhdr 2019/01/31 v3.10 Extensive control of page headers and footer
s
\f@nch@headwidth=\skip49
\f@nch@O@elh=\skip50
\f@nch@O@erh=\skip51
\f@nch@O@olh=\skip52
\f@nch@O@orh=\skip53
\f@nch@O@elf=\skip54
\f@nch@O@erf=\skip55
\f@nch@O@olf=\skip56
\f@nch@O@orf=\skip57
)
("C:\Users\vivia\AppData\Local\Programs\MiKTeX 2.9\tex/latex/footmisc\footmisc.
sty"
Package: footmisc 2011/06/06 v5.5b a miscellany of footnote facilities
\FN@temptoken=\toks19
\footnotemargin=\dimen144
\c@pp@next@reset=\count181
Package footmisc Info: Declaring symbol style bringhurst on input line 855.
Package footmisc Info: Declaring symbol style chicago on input line 863.
Package footmisc Info: Declaring symbol style wiley on input line 872.
Package footmisc Info: Declaring symbol style lamport-robust on input line 883.

Package footmisc Info: Declaring symbol style lamport* on input line 903.
Package footmisc Info: Declaring symbol style lamport*-robust on input line 924
.
)
("C:\Users\vivia\AppData\Local\Programs\MiKTeX 2.9\tex/latex/parskip\parskip.st
y"
Package: parskip 2020-01-22 v2.0d non-zero parskip adjustments

("C:\Users\vivia\AppData\Local\Programs\MiKTeX 2.9\tex/latex/kvoptions\kvoption
s.sty"
Package: kvoptions 2019/11/29 v3.13 Key value format for package options (HO)

("C:\Users\vivia\AppData\Local\Programs\MiKTeX 2.9\tex/generic/ltxcmds\ltxcmds.
sty"
Package: ltxcmds 2019/12/15 v1.24 LaTeX kernel commands for general use (HO)
)
("C:\Users\vivia\AppData\Local\Programs\MiKTeX 2.9\tex/generic/kvsetkeys\kvsetk
eys.sty"
Package: kvsetkeys 2019/12/15 v1.18 Key value parser (HO)
))
("C:\Users\vivia\AppData\Local\Programs\MiKTeX 2.9\tex/latex/etoolbox\etoolbox.
sty"
Package: etoolbox 2019/09/21 v2.5h e-TeX tools for LaTeX (JAW)
\etb@tempcnta=\count182
))
("C:\Users\vivia\AppData\Local\Programs\MiKTeX 2.9\tex/latex/enumitem\enumitem.
sty"
Package: enumitem 2019/06/20 v3.9 Customized lists
\labelindent=\skip58
\enit@outerparindent=\dimen145
\enit@toks=\toks20
\enit@inbox=\box46
\enit@count@id=\count183
\enitdp@description=\count184
)
("C:\Users\vivia\AppData\Local\Programs\MiKTeX 2.9\tex/latex/csquotes\csquotes.
sty"
Package: csquotes 2019-12-06 v5.2j context-sensitive quotations (JAW)
\csq@reset=\count185
\csq@gtype=\count186
\csq@glevel=\count187
\csq@qlevel=\count188
\csq@maxlvl=\count189
\csq@tshold=\count190
\csq@ltx@everypar=\toks21

("C:\Users\vivia\AppData\Local\Programs\MiKTeX 2.9\tex/latex/csquotes\csquotes.
def"
File: csquotes.def 2019-12-06 v5.2j csquotes generic definitions (JAW)
)
Package csquotes Info: Trying to load configuration file 'csquotes.cfg'...
Package csquotes Info: ... configuration file loaded successfully.

("C:\Users\vivia\AppData\Local\Programs\MiKTeX 2.9\tex/latex/csquotes\csquotes.
cfg"
File: csquotes.cfg 
))
("C:\Users\vivia\AppData\Local\Programs\MiKTeX 2.9\tex/latex/xcolor\xcolor.sty"
Package: xcolor 2016/05/11 v2.12 LaTeX color extensions (UK)

("C:\Users\vivia\AppData\Local\Programs\MiKTeX 2.9\tex/latex/graphics-cfg\color
.cfg"
File: color.cfg 2016/01/02 v1.6 sample color configuration
)
Package xcolor Info: Driver file: pdftex.def on input line 225.

("C:\Users\vivia\AppData\Local\Programs\MiKTeX 2.9\tex/latex/graphics-def\pdfte
x.def"
File: pdftex.def 2018/01/08 v1.0l Graphics/color driver for pdftex
)
Package xcolor Info: Model `cmy' substituted by `cmy0' on input line 1348.
Package xcolor Info: Model `hsb' substituted by `rgb' on input line 1352.
Package xcolor Info: Model `RGB' extended on input line 1364.
Package xcolor Info: Model `HTML' substituted by `rgb' on input line 1366.
Package xcolor Info: Model `Hsb' substituted by `hsb' on input line 1367.
Package xcolor Info: Model `tHsb' substituted by `hsb' on input line 1368.
Package xcolor Info: Model `HSB' substituted by `hsb' on input line 1369.
Package xcolor Info: Model `Gray' substituted by `gray' on input line 1370.
Package xcolor Info: Model `wave' substituted by `hsb' on input line 1371.
)
("C:\Users\vivia\AppData\Local\Programs\MiKTeX 2.9\tex/latex/hyperref\hyperref.
sty"
Package: hyperref 2020/01/14 v7.00d Hypertext links for LaTeX

("C:\Users\vivia\AppData\Local\Programs\MiKTeX 2.9\tex/latex/pdftexcmds\pdftexc
mds.sty"
Package: pdftexcmds 2019/11/24 v0.31 Utility functions of pdfTeX for LuaTeX (HO
)

("C:\Users\vivia\AppData\Local\Programs\MiKTeX 2.9\tex/generic/infwarerr\infwar
err.sty"
Package: infwarerr 2019/12/03 v1.5 Providing info/warning/error messages (HO)
)
Package pdftexcmds Info: \pdf@primitive is available.
Package pdftexcmds Info: \pdf@ifprimitive is available.
Package pdftexcmds Info: \pdfdraftmode found.
)
("C:\Users\vivia\AppData\Local\Programs\MiKTeX 2.9\tex/generic/kvdefinekeys\kvd
efinekeys.sty"
Package: kvdefinekeys 2019-12-19 v1.6 Define keys (HO)
)
("C:\Users\vivia\AppData\Local\Programs\MiKTeX 2.9\tex/generic/pdfescape\pdfesc
ape.sty"
Package: pdfescape 2019/12/09 v1.15 Implements pdfTeX's escape features (HO)
)
("C:\Users\vivia\AppData\Local\Programs\MiKTeX 2.9\tex/latex/hycolor\hycolor.st
y"
Package: hycolor 2020-01-27 v1.10 Color options for hyperref/bookmark (HO)
)
("C:\Users\vivia\AppData\Local\Programs\MiKTeX 2.9\tex/latex/letltxmacro\letltx
macro.sty"
Package: letltxmacro 2019/12/03 v1.6 Let assignment for LaTeX macros (HO)
)
("C:\Users\vivia\AppData\Local\Programs\MiKTeX 2.9\tex/latex/auxhook\auxhook.st
y"
Package: auxhook 2019-12-17 v1.6 Hooks for auxiliary files (HO)
)
\@linkdim=\dimen146
\Hy@linkcounter=\count191
\Hy@pagecounter=\count192

("C:\Users\vivia\AppData\Local\Programs\MiKTeX 2.9\tex/latex/hyperref\pd1enc.de
f"
File: pd1enc.def 2020/01/14 v7.00d Hyperref: PDFDocEncoding definition (HO)
Now handling font encoding PD1 ...
... no UTF-8 mapping file for font encoding PD1
)
("C:\Users\vivia\AppData\Local\Programs\MiKTeX 2.9\tex/generic/intcalc\intcalc.
sty"
Package: intcalc 2019/12/15 v1.3 Expandable calculations with integers (HO)
)
("C:\Users\vivia\AppData\Local\Programs\MiKTeX 2.9\tex/generic/etexcmds\etexcmd
s.sty"
Package: etexcmds 2019/12/15 v1.7 Avoid name clashes with e-TeX commands (HO)
)
\Hy@SavedSpaceFactor=\count193
Package hyperref Info: Option `pdfusetitle' set `true' on input line 4421.
Package hyperref Info: Option `colorlinks' set `true' on input line 4421.
Package hyperref Info: Hyper figures OFF on input line 4547.
Package hyperref Info: Link nesting OFF on input line 4552.
Package hyperref Info: Hyper index ON on input line 4555.
Package hyperref Info: Plain pages OFF on input line 4562.
Package hyperref Info: Backreferencing OFF on input line 4567.
Package hyperref Info: Implicit mode ON; LaTeX internals redefined.
Package hyperref Info: Bookmarks ON on input line 4800.
\c@Hy@tempcnt=\count194
 ("C:\Users\vivia\AppData\Local\Programs\MiKTeX 2.9\tex/latex/url\url.sty"
\Urlmuskip=\muskip16
Package: url 2013/09/16  ver 3.4  Verb mode for urls, etc.
)
LaTeX Info: Redefining \url on input line 5159.
\XeTeXLinkMargin=\dimen147

("C:\Users\vivia\AppData\Local\Programs\MiKTeX 2.9\tex/generic/bitset\bitset.st
y"
Package: bitset 2019/12/09 v1.3 Handle bit-vector datatype (HO)

("C:\Users\vivia\AppData\Local\Programs\MiKTeX 2.9\tex/generic/bigintcalc\bigin
tcalc.sty"
Package: bigintcalc 2019/12/15 v1.5 Expandable calculations on big integers (HO
)
))
\Fld@menulength=\count195
\Field@Width=\dimen148
\Fld@charsize=\dimen149
Package hyperref Info: Hyper figures OFF on input line 6430.
Package hyperref Info: Link nesting OFF on input line 6435.
Package hyperref Info: Hyper index ON on input line 6438.
Package hyperref Info: backreferencing OFF on input line 6445.
Package hyperref Info: Link coloring ON on input line 6448.
Package hyperref Info: Link coloring with OCG OFF on input line 6455.
Package hyperref Info: PDF/A mode OFF on input line 6460.
LaTeX Info: Redefining \ref on input line 6500.
LaTeX Info: Redefining \pageref on input line 6504.

("C:\Users\vivia\AppData\Local\Programs\MiKTeX 2.9\tex/generic/atbegshi\atbegsh
i.sty"
Package: atbegshi 2019/12/05 v1.19 At begin shipout hook (HO)
)
\Hy@abspage=\count196
\c@Item=\count197
\c@Hfootnote=\count198
)
Package hyperref Info: Driver (autodetected): hpdftex.

("C:\Users\vivia\AppData\Local\Programs\MiKTeX 2.9\tex/latex/hyperref\hpdftex.d
ef"
File: hpdftex.def 2020/01/14 v7.00d Hyperref driver for pdfTeX

("C:\Users\vivia\AppData\Local\Programs\MiKTeX 2.9\tex/latex/atveryend\atveryen
d.sty"
Package: atveryend 2019-12-11 v1.11 Hooks at the very end of document (HO)
)
\Fld@listcount=\count199
\c@bookmark@seq@number=\count266

("C:\Users\vivia\AppData\Local\Programs\MiKTeX 2.9\tex/latex/rerunfilecheck\rer
unfilecheck.sty"
Package: rerunfilecheck 2019/12/05 v1.9 Rerun checks for auxiliary files (HO)

("C:\Users\vivia\AppData\Local\Programs\MiKTeX 2.9\tex/generic/uniquecounter\un
iquecounter.sty"
Package: uniquecounter 2019/12/15 v1.4 Provide unlimited unique counter (HO)
)
Package uniquecounter Info: New unique counter `rerunfilecheck' on input line 2
86.
)
\Hy@SectionHShift=\skip59
)
("C:\Users\vivia\AppData\Local\Programs\MiKTeX 2.9\tex/latex/amsmath\amsmath.st
y"
Package: amsmath 2020/01/20 v2.17e AMS math features
\@mathmargin=\skip60

For additional information on amsmath, use the `?' option.

("C:\Users\vivia\AppData\Local\Programs\MiKTeX 2.9\tex/latex/amsmath\amstext.st
y"
Package: amstext 2000/06/29 v2.01 AMS text

("C:\Users\vivia\AppData\Local\Programs\MiKTeX 2.9\tex/latex/amsmath\amsgen.sty
"
File: amsgen.sty 1999/11/30 v2.0 generic functions
\@emptytoks=\toks22
\ex@=\dimen150
))
("C:\Users\vivia\AppData\Local\Programs\MiKTeX 2.9\tex/latex/amsmath\amsbsy.sty
"
Package: amsbsy 1999/11/29 v1.2d Bold Symbols
\pmbraise@=\dimen151
)
("C:\Users\vivia\AppData\Local\Programs\MiKTeX 2.9\tex/latex/amsmath\amsopn.sty
"
Package: amsopn 2016/03/08 v2.02 operator names
)
\inf@bad=\count267
LaTeX Info: Redefining \frac on input line 227.
\uproot@=\count268
\leftroot@=\count269
LaTeX Info: Redefining \overline on input line 389.
\classnum@=\count270
\DOTSCASE@=\count271
LaTeX Info: Redefining \ldots on input line 486.
LaTeX Info: Redefining \dots on input line 489.
LaTeX Info: Redefining \cdots on input line 610.
\Mathstrutbox@=\box47
\strutbox@=\box48
\big@size=\dimen152
LaTeX Font Info:    Redeclaring font encoding OML on input line 733.
LaTeX Font Info:    Redeclaring font encoding OMS on input line 734.
\macc@depth=\count272
\c@MaxMatrixCols=\count273
\dotsspace@=\muskip17
\c@parentequation=\count274
\dspbrk@lvl=\count275
\tag@help=\toks23
\row@=\count276
\column@=\count277
\maxfields@=\count278
\andhelp@=\toks24
\eqnshift@=\dimen153
\alignsep@=\dimen154
\tagshift@=\dimen155
\tagwidth@=\dimen156
\totwidth@=\dimen157
\lineht@=\dimen158
\@envbody=\toks25
\multlinegap=\skip61
\multlinetaggap=\skip62
\mathdisplay@stack=\toks26
LaTeX Info: Redefining \[ on input line 2859.
LaTeX Info: Redefining \] on input line 2860.
)
("C:\Users\vivia\AppData\Local\Programs\MiKTeX 2.9\tex/latex/amsfonts\amssymb.s
ty"
Package: amssymb 2013/01/14 v3.01 AMS font symbols

("C:\Users\vivia\AppData\Local\Programs\MiKTeX 2.9\tex/latex/amsfonts\amsfonts.
sty"
Package: amsfonts 2013/01/14 v3.01 Basic AMSFonts support
\symAMSa=\mathgroup4
\symAMSb=\mathgroup5
LaTeX Font Info:    Redeclaring math symbol \hbar on input line 98.
LaTeX Font Info:    Overwriting math alphabet `\mathfrak' in version `bold'
(Font)                  U/euf/m/n --> U/euf/b/n on input line 106.
)) ("C:\Users\vivia\AppData\Local\Programs\MiKTeX 2.9\tex/latex/tools\bm.sty"
Package: bm 2019/07/24 v1.2d Bold Symbol Support (DPC/FMi)
\symboldoperators=\mathgroup6
\symboldletters=\mathgroup7
\symboldsymbols=\mathgroup8
LaTeX Font Info:    Redeclaring math alphabet \mathbf on input line 141.
LaTeX Info: Redefining \bm on input line 209.
) ("C:\Users\vivia\AppData\Local\Programs\MiKTeX 2.9\tex/latex/esint\esint.sty"
Package: esint 
\symlargesymbolsA=\mathgroup9
)
("C:\Users\vivia\AppData\Local\Programs\MiKTeX 2.9\tex/latex/siunitx\siunitx.st
y"
("C:\Users\vivia\AppData\Local\Programs\MiKTeX 2.9\tex/latex/l3kernel\expl3.sty
"
Package: expl3 2020-03-06 L3 programming layer (loader) 

("C:\Users\vivia\AppData\Local\Programs\MiKTeX 2.9\tex/latex/l3backend\l3backen
d-pdfmode.def"
File: l3backend-pdfmode.def 2020-03-12 L3 backend support: PDF mode
\l__kernel_color_stack_int=\count279
\l__pdf_internal_box=\box49
))
("C:\Users\vivia\AppData\Local\Programs\MiKTeX 2.9\tex/latex/l3packages/xparse\
xparse.sty"
Package: xparse 2020-03-06 L3 Experimental document command parser
\l__xparse_current_arg_int=\count280
\g__xparse_grabber_int=\count281
\l__xparse_m_args_int=\count282
\l__xparse_v_nesting_int=\count283
)
Package: siunitx 2020/02/25 v2.8b A comprehensive (SI) units package

("C:\Users\vivia\AppData\Local\Programs\MiKTeX 2.9\tex/latex/tools\array.sty"
Package: array 2019/08/31 v2.4l Tabular extension package (FMi)
\col@sep=\dimen159
\ar@mcellbox=\box50
\extrarowheight=\dimen160
\NC@list=\toks27
\extratabsurround=\skip63
\backup@length=\skip64
\ar@cellbox=\box51
)
("C:\Users\vivia\AppData\Local\Programs\MiKTeX 2.9\tex/latex/l3packages/l3keys2
e\l3keys2e.sty"
Package: l3keys2e 2020-03-06 LaTeX2e option processing using LaTeX3 keys
)
\l__siunitx_tmp_box=\box52
\l__siunitx_tmp_dim=\dimen161
\l__siunitx_tmp_int=\count284
\l__siunitx_number_mantissa_length_int=\count285
\l__siunitx_number_uncert_length_int=\count286
\l__siunitx_round_int=\count287
\l__siunitx_process_decimal_int=\count288
\l__siunitx_process_uncertainty_int=\count289
\l__siunitx_process_fixed_int=\count290
\l__siunitx_process_integer_min_int=\count291
\l__siunitx_process_precision_int=\count292
\l__siunitx_group_min_int=\count293
\l__siunitx_angle_marker_box=\box53
\l__siunitx_angle_unit_box=\box54
\l__siunitx_angle_marker_dim=\dimen162
\l__siunitx_angle_unit_dim=\dimen163
\l__siunitx_unit_int=\count294
\l__siunitx_unit_denominator_int=\count295
\l__siunitx_unit_numerator_int=\count296
\l__siunitx_unit_prefix_int=\count297
\l__siunitx_unit_prefix_base_int=\count298
\l__siunitx_unit_prefix_gram_int=\count299
\l__siunitx_number_product_int=\count300
\c__siunitx_one_fill_skip=\skip65
\l__siunitx_table_unit_align_skip=\skip66
\l__siunitx_table_exponent_dim=\dimen164
\l__siunitx_table_integer_dim=\dimen165
\l__siunitx_table_mantissa_dim=\dimen166
\l__siunitx_table_marker_dim=\dimen167
\l__siunitx_table_result_dim=\dimen168
\l__siunitx_table_uncert_dim=\dimen169
\l__siunitx_table_fill_pre_dim=\dimen170
\l__siunitx_table_fill_post_dim=\dimen171
\l__siunitx_table_fill_mid_dim=\dimen172
\l__siunitx_table_pre_box=\box55
\l__siunitx_table_post_box=\box56
\l__siunitx_table_mantissa_box=\box57
\l__siunitx_table_result_box=\box58
\l__siunitx_table_number_align_skip=\skip67
\l__siunitx_table_text_align_skip=\skip68

("C:\Users\vivia\AppData\Local\Programs\MiKTeX 2.9\tex/latex/translator\transla
tor.sty"
Package: translator 2019-05-31 v1.12a Easy translation of strings in LaTeX
))
("C:\Users\vivia\AppData\Local\Programs\MiKTeX 2.9\tex/latex/float\float.sty"
Package: float 2001/11/08 v1.3d Float enhancements (AL)
\c@float@type=\count301
\float@exts=\toks28
\float@box=\box59
\@float@everytoks=\toks29
\@floatcapt=\box60
)
("C:\Users\vivia\AppData\Local\Programs\MiKTeX 2.9\tex/latex/caption\caption.st
y"
Package: caption 2020/01/03 v3.4h Customizing captions (AR)

("C:\Users\vivia\AppData\Local\Programs\MiKTeX 2.9\tex/latex/caption\caption3.s
ty"
Package: caption3 2020/01/03 v1.8h caption3 kernel (AR)
Package caption3 Info: TeX engine: e-TeX on input line 61.
\captionmargin=\dimen173
\captionmargin@=\dimen174
\captionwidth=\dimen175
\caption@tempdima=\dimen176
\caption@indent=\dimen177
\caption@parindent=\dimen178
\caption@hangindent=\dimen179
Package caption Info: Standard document class detected.
)
\c@caption@flags=\count302
\c@continuedfloat=\count303
Package caption Info: float package is loaded.
Package caption Info: hyperref package is loaded.
)
("C:\Users\vivia\AppData\Local\Programs\MiKTeX 2.9\tex/latex/caption\subcaption
.sty"
Package: subcaption 2020/01/22 v1.3d Sub-captions (AR)
\c@subfigure=\count304
\c@subtable=\count305
)
("C:\Users\vivia\AppData\Local\Programs\MiKTeX 2.9\tex/latex/booktabs\booktabs.
sty"
Package: booktabs 2020/01/12 v1.61803398 Publication quality tables
\heavyrulewidth=\dimen180
\lightrulewidth=\dimen181
\cmidrulewidth=\dimen182
\belowrulesep=\dimen183
\belowbottomsep=\dimen184
\aboverulesep=\dimen185
\abovetopsep=\dimen186
\cmidrulesep=\dimen187
\cmidrulekern=\dimen188
\defaultaddspace=\dimen189
\@cmidla=\count306
\@cmidlb=\count307
\@aboverulesep=\dimen190
\@belowrulesep=\dimen191
\@thisruleclass=\count308
\@lastruleclass=\count309
\@thisrulewidth=\dimen192
)
("C:\Users\vivia\AppData\Local\Programs\MiKTeX 2.9\tex/latex/multirow\multirow.
sty"
Package: multirow 2019/05/31 v2.5 Span multiple rows of a table
\multirow@colwidth=\skip69
\multirow@cntb=\count310
\multirow@dima=\skip70
\bigstrutjot=\dimen193
)
("C:\Users\vivia\AppData\Local\Programs\MiKTeX 2.9\tex/latex/tools\multicol.sty
"
Package: multicol 2019/12/09 v1.8y multicolumn formatting (FMi)
\c@tracingmulticols=\count311
\mult@box=\box61
\multicol@leftmargin=\dimen194
\c@unbalance=\count312
\c@collectmore=\count313
\doublecol@number=\count314
\multicoltolerance=\count315
\multicolpretolerance=\count316
\full@width=\dimen195
\page@free=\dimen196
\premulticols=\dimen197
\postmulticols=\dimen198
\multicolsep=\skip71
\multicolbaselineskip=\skip72
\partial@page=\box62
\last@line=\box63
\maxbalancingoverflow=\dimen199
\mult@rightbox=\box64
\mult@grightbox=\box65
\mult@gfirstbox=\box66
\mult@firstbox=\box67
\@tempa=\box68
\@tempa=\box69
\@tempa=\box70
\@tempa=\box71
\@tempa=\box72
\@tempa=\box73
\@tempa=\box74
\@tempa=\box75
\@tempa=\box76
\@tempa=\box77
\@tempa=\box78
\@tempa=\box79
\@tempa=\box80
\@tempa=\box81
\@tempa=\box82
\@tempa=\box83
\@tempa=\box84
\@tempa=\box85
\@tempa=\box86
\@tempa=\box87
\@tempa=\box88
\@tempa=\box89
\@tempa=\box90
\@tempa=\box91
\@tempa=\box92
\@tempa=\box93
\@tempa=\box94
\@tempa=\box95
\@tempa=\box96
\@tempa=\box97
\@tempa=\box98
\@tempa=\box99
\@tempa=\box100
\@tempa=\box101
\@tempa=\box102
\@tempa=\box103
\@tempa=\box104
\c@minrows=\count317
\c@columnbadness=\count318
\c@finalcolumnbadness=\count319
\last@try=\dimen256
\multicolovershoot=\dimen257
\multicolundershoot=\dimen258
\mult@nat@firstbox=\box105
\colbreak@box=\box106
\mc@col@check@num=\count320
)
("C:\Users\vivia\AppData\Local\Programs\MiKTeX 2.9\tex/latex/biblatex\biblatex.
sty"
Package: biblatex 2019/12/01 v3.14 programmable bibliographies (PK/MW)

("C:\Users\vivia\AppData\Local\Programs\MiKTeX 2.9\tex/latex/logreq\logreq.sty"
Package: logreq 2010/08/04 v1.0 xml request logger
\lrq@indent=\count321
("C:\Users\vivia\AppData\Local\Programs\MiKTeX 2.9\tex/latex/logreq\logreq.def"
File: logreq.def 2010/08/04 v1.0 logreq spec v1.0
)) ("C:\Users\vivia\AppData\Local\Programs\MiKTeX 2.9\tex/latex/base\ifthen.sty
"
Package: ifthen 2014/09/29 v1.1c Standard LaTeX ifthen package (DPC)
)
\c@tabx@nest=\count322
\c@listtotal=\count323
\c@listcount=\count324
\c@liststart=\count325
\c@liststop=\count326
\c@citecount=\count327
\c@citetotal=\count328
\c@multicitecount=\count329
\c@multicitetotal=\count330
\c@instcount=\count331
\c@maxnames=\count332
\c@minnames=\count333
\c@maxitems=\count334
\c@minitems=\count335
\c@citecounter=\count336
\c@maxcitecounter=\count337
\c@savedcitecounter=\count338
\c@uniquelist=\count339
\c@uniquename=\count340
\c@refsection=\count341
\c@refsegment=\count342
\c@maxextratitle=\count343
\c@maxextratitleyear=\count344
\c@maxextraname=\count345
\c@maxextradate=\count346
\c@maxextraalpha=\count347
\c@abbrvpenalty=\count348
\c@highnamepenalty=\count349
\c@lownamepenalty=\count350
\c@maxparens=\count351
\c@parenlevel=\count352
\blx@tempcnta=\count353
\blx@tempcntb=\count354
\blx@tempcntc=\count355
\blx@maxsection=\count356
\blx@maxsegment@0=\count357
\blx@notetype=\count358
\blx@parenlevel@text=\count359
\blx@parenlevel@foot=\count360
\blx@sectionciteorder@0=\count361
\blx@entrysetcounter=\count362
\labelnumberwidth=\skip73
\labelalphawidth=\skip74
\biblabelsep=\skip75
\bibitemsep=\skip76
\bibnamesep=\skip77
\bibinitsep=\skip78
\bibparsep=\skip79
\bibhang=\skip80
\blx@bcfin=\read3
\blx@bcfout=\write3
\blx@langwohyphens=\language83
\c@mincomprange=\count363
\c@maxcomprange=\count364
\c@mincompwidth=\count365
Package biblatex Info: Trying to load biblatex default data model...
Package biblatex Info: ... file 'blx-dm.def' found.

("C:\Users\vivia\AppData\Local\Programs\MiKTeX 2.9\tex/latex/biblatex\blx-dm.de
f"
File: blx-dm.def 2019/12/01 v3.14 biblatex localization (PK/MW)
)
Package biblatex Info: Trying to load biblatex style data model...
Package biblatex Info: ... file 'numeric-comp.dbx' not found.
Package biblatex Info: Trying to load biblatex custom data model...
Package biblatex Info: ... file 'biblatex-dm.cfg' not found.
\c@afterword=\count366
\c@savedafterword=\count367
\c@annotator=\count368
\c@savedannotator=\count369
\c@author=\count370
\c@savedauthor=\count371
\c@bookauthor=\count372
\c@savedbookauthor=\count373
\c@commentator=\count374
\c@savedcommentator=\count375
\c@editor=\count376
\c@savededitor=\count377
\c@editora=\count378
\c@savededitora=\count379
\c@editorb=\count380
\c@savededitorb=\count381
\c@editorc=\count382
\c@savededitorc=\count383
\c@foreword=\count384
\c@savedforeword=\count385
\c@holder=\count386
\c@savedholder=\count387
\c@introduction=\count388
\c@savedintroduction=\count389
\c@namea=\count390
\c@savednamea=\count391
\c@nameb=\count392
\c@savednameb=\count393
\c@namec=\count394
\c@savednamec=\count395
\c@translator=\count396
\c@savedtranslator=\count397
\c@shortauthor=\count398
\c@savedshortauthor=\count399
\c@shorteditor=\count400
\c@savedshorteditor=\count401
\c@labelname=\count402
\c@savedlabelname=\count403
\c@institution=\count404
\c@savedinstitution=\count405
\c@lista=\count406
\c@savedlista=\count407
\c@listb=\count408
\c@savedlistb=\count409
\c@listc=\count410
\c@savedlistc=\count411
\c@listd=\count412
\c@savedlistd=\count413
\c@liste=\count414
\c@savedliste=\count415
\c@listf=\count416
\c@savedlistf=\count417
\c@location=\count418
\c@savedlocation=\count419
\c@organization=\count420
\c@savedorganization=\count421
\c@origlocation=\count422
\c@savedoriglocation=\count423
\c@origpublisher=\count424
\c@savedorigpublisher=\count425
\c@publisher=\count426
\c@savedpublisher=\count427
\c@language=\count428
\c@savedlanguage=\count429
\c@origlanguage=\count430
\c@savedoriglanguage=\count431
\c@pageref=\count432
\c@savedpageref=\count433
\shorthandwidth=\skip81
\shortjournalwidth=\skip82
\shortserieswidth=\skip83
\shorttitlewidth=\skip84
\shortauthorwidth=\skip85
\shorteditorwidth=\skip86
\locallabelnumberwidth=\skip87
\locallabelalphawidth=\skip88
\localshorthandwidth=\skip89
\localshortjournalwidth=\skip90
\localshortserieswidth=\skip91
\localshorttitlewidth=\skip92
\localshortauthorwidth=\skip93
\localshorteditorwidth=\skip94
Package biblatex Info: Trying to load compatibility code...
Package biblatex Info: ... file 'blx-compat.def' found.

("C:\Users\vivia\AppData\Local\Programs\MiKTeX 2.9\tex/latex/biblatex\blx-compa
t.def"
File: blx-compat.def 2019/12/01 v3.14 biblatex compatibility (PK/MW)
)
Package biblatex Info: Trying to load generic definitions...
Package biblatex Info: ... file 'biblatex.def' found.

("C:\Users\vivia\AppData\Local\Programs\MiKTeX 2.9\tex/latex/biblatex\biblatex.
def"
File: biblatex.def 2019/12/01 v3.14 biblatex compatibility (PK/MW)
\c@textcitecount=\count434
\c@textcitetotal=\count435
\c@textcitemaxnames=\count436
\c@biburlbigbreakpenalty=\count437
\c@biburlbreakpenalty=\count438
\c@biburlnumpenalty=\count439
\c@biburlucpenalty=\count440
\c@biburllcpenalty=\count441
\biburlbigskip=\muskip18
\biburlnumskip=\muskip19
\biburlucskip=\muskip20
\biburllcskip=\muskip21
\c@smartand=\count442
)
Package biblatex Info: Trying to load bibliography style 'numeric-comp'...
Package biblatex Info: ... file 'numeric-comp.bbx' found.

("C:\Users\vivia\AppData\Local\Programs\MiKTeX 2.9\tex/latex/biblatex/bbx\numer
ic-comp.bbx"
File: numeric-comp.bbx 2019/12/01 v3.14 biblatex bibliography style (PK/MW)
Package biblatex Info: Trying to load bibliography style 'numeric'...
Package biblatex Info: ... file 'numeric.bbx' found.

("C:\Users\vivia\AppData\Local\Programs\MiKTeX 2.9\tex/latex/biblatex/bbx\numer
ic.bbx"
File: numeric.bbx 2019/12/01 v3.14 biblatex bibliography style (PK/MW)
Package biblatex Info: Trying to load bibliography style 'standard'...
Package biblatex Info: ... file 'standard.bbx' found.

("C:\Users\vivia\AppData\Local\Programs\MiKTeX 2.9\tex/latex/biblatex/bbx\stand
ard.bbx"
File: standard.bbx 2019/12/01 v3.14 biblatex bibliography style (PK/MW)
\c@bbx:relatedcount=\count443
\c@bbx:relatedtotal=\count444
)))
Package biblatex Info: Trying to load citation style 'numeric-comp'...
Package biblatex Info: ... file 'numeric-comp.cbx' found.

("C:\Users\vivia\AppData\Local\Programs\MiKTeX 2.9\tex/latex/biblatex/cbx\numer
ic-comp.cbx"
File: numeric-comp.cbx 2019/12/01 v3.14 biblatex citation style (PK/MW)
\c@cbx@tempcnta=\count445
\c@cbx@tempcntb=\count446
Package biblatex Info: Redefining '\cite'.
Package biblatex Info: Redefining '\parencite'.
Package biblatex Info: Redefining '\footcite'.
Package biblatex Info: Redefining '\footcitetext'.
Package biblatex Info: Redefining '\smartcite'.
Package biblatex Info: Redefining '\supercite'.
Package biblatex Info: Redefining '\textcite'.
Package biblatex Info: Redefining '\textcites'.
Package biblatex Info: Redefining '\cites'.
Package biblatex Info: Redefining '\parencites'.
Package biblatex Info: Redefining '\smartcites'.
)
Package biblatex Info: Trying to load configuration file...
Package biblatex Info: ... file 'biblatex.cfg' found.

("C:\Users\vivia\AppData\Local\Programs\MiKTeX 2.9\tex/latex/biblatex\biblatex.
cfg"
File: biblatex.cfg 
))
*geometry* verbose mode - [ newgeometry ] result:
* driver: 
* paper: a4paper
* layout: <same size as paper>
* layoutoffset:(h,v)=(0.0pt,0.0pt)
* modes: 
* h-part:(L,W,R)=(71.13188pt, 455.24411pt, 71.13188pt)
* v-part:(T,H,B)=(71.13188pt, 702.78308pt, 71.13188pt)
* \paperwidth=597.50787pt
* \paperheight=845.04684pt
* \textwidth=455.24411pt
* \textheight=702.78308pt
* \oddsidemargin=-1.1381pt
* \evensidemargin=-1.1381pt
* \topmargin=-38.1381pt
* \headheight=12.0pt
* \headsep=25.0pt
* \topskip=12.0pt
* \footskip=30.0pt
* \marginparwidth=35.0pt
* \marginparsep=10.0pt
* \columnsep=10.0pt
* \skip\footins=10.8pt plus 4.0pt minus 2.0pt
* \hoffset=0.0pt
* \voffset=0.0pt
* \mag=1000
* \@twocolumnfalse
* \@twosidefalse
* \@mparswitchfalse
* \@reversemarginfalse
* (1in=72.27pt=25.4mm, 1cm=28.453pt)

) (packages/sleek-title.sty

LaTeX Warning: You have requested package `packages/sleek-title',
               but the package provides `sleek-title'.

Package: sleek-title 2020/10/28 v1.0 Sleek Titlepage

("C:\Users\vivia\AppData\Local\Programs\MiKTeX 2.9\tex/latex/graphics\graphicx.
sty"
Package: graphicx 2019/11/30 v1.2a Enhanced LaTeX Graphics (DPC,SPQR)

("C:\Users\vivia\AppData\Local\Programs\MiKTeX 2.9\tex/latex/graphics\graphics.
sty"
Package: graphics 2019/11/30 v1.4a Standard LaTeX Graphics (DPC,SPQR)

("C:\Users\vivia\AppData\Local\Programs\MiKTeX 2.9\tex/latex/graphics\trig.sty"
Package: trig 2016/01/03 v1.10 sin cos tan (DPC)
)
("C:\Users\vivia\AppData\Local\Programs\MiKTeX 2.9\tex/latex/graphics-cfg\graph
ics.cfg"
File: graphics.cfg 2016/06/04 v1.11 sample graphics configuration
)
Package graphics Info: Driver file: pdftex.def on input line 105.
)
\Gin@req@height=\dimen259
\Gin@req@width=\dimen260
)
("C:\Users\vivia\AppData\Local\Programs\MiKTeX 2.9\tex/latex/mdframed\mdframed.
sty"
Package: mdframed 2013/07/01 1.9b: mdframed

("C:\Users\vivia\AppData\Local\Programs\MiKTeX 2.9\tex/latex/zref\zref-abspage.
sty"
Package: zref-abspage 2020-03-03 v2.29 Module abspage for zref (HO)

("C:\Users\vivia\AppData\Local\Programs\MiKTeX 2.9\tex/latex/zref\zref-base.sty
"
Package: zref-base 2020-03-03 v2.29 Module base for zref (HO)
Package zref Info: New property list: main on input line 763.
Package zref Info: New property: default on input line 764.
Package zref Info: New property: page on input line 765.
)
\c@abspage=\count447
Package zref Info: New property: abspage on input line 66.
)
("C:\Users\vivia\AppData\Local\Programs\MiKTeX 2.9\tex/latex/needspace\needspac
e.sty"
Package: needspace 2010/09/12 v1.3d reserve vertical space
)
\mdf@templength=\skip95
\c@mdf@globalstyle@cnt=\count448
\mdf@skipabove@length=\skip96
\mdf@skipbelow@length=\skip97
\mdf@leftmargin@length=\skip98
\mdf@rightmargin@length=\skip99
\mdf@innerleftmargin@length=\skip100
\mdf@innerrightmargin@length=\skip101
\mdf@innertopmargin@length=\skip102
\mdf@innerbottommargin@length=\skip103
\mdf@splittopskip@length=\skip104
\mdf@splitbottomskip@length=\skip105
\mdf@outermargin@length=\skip106
\mdf@innermargin@length=\skip107
\mdf@linewidth@length=\skip108
\mdf@innerlinewidth@length=\skip109
\mdf@middlelinewidth@length=\skip110
\mdf@outerlinewidth@length=\skip111
\mdf@roundcorner@length=\skip112
\mdf@footenotedistance@length=\skip113
\mdf@userdefinedwidth@length=\skip114
\mdf@needspace@length=\skip115
\mdf@frametitleaboveskip@length=\skip116
\mdf@frametitlebelowskip@length=\skip117
\mdf@frametitlerulewidth@length=\skip118
\mdf@frametitleleftmargin@length=\skip119
\mdf@frametitlerightmargin@length=\skip120
\mdf@shadowsize@length=\skip121
\mdf@extratopheight@length=\skip122
\mdf@subtitleabovelinewidth@length=\skip123
\mdf@subtitlebelowlinewidth@length=\skip124
\mdf@subtitleaboveskip@length=\skip125
\mdf@subtitlebelowskip@length=\skip126
\mdf@subtitleinneraboveskip@length=\skip127
\mdf@subtitleinnerbelowskip@length=\skip128
\mdf@subsubtitleabovelinewidth@length=\skip129
\mdf@subsubtitlebelowlinewidth@length=\skip130
\mdf@subsubtitleaboveskip@length=\skip131
\mdf@subsubtitlebelowskip@length=\skip132
\mdf@subsubtitleinneraboveskip@length=\skip133
\mdf@subsubtitleinnerbelowskip@length=\skip134

("C:\Users\vivia\AppData\Local\Programs\MiKTeX 2.9\tex/latex/pgf/frontendlayer\
tikz.sty"
("C:\Users\vivia\AppData\Local\Programs\MiKTeX 2.9\tex/latex/pgf/basiclayer\pgf
.sty"
("C:\Users\vivia\AppData\Local\Programs\MiKTeX 2.9\tex/latex/pgf/utilities\pgfr
cs.sty"
("C:\Users\vivia\AppData\Local\Programs\MiKTeX 2.9\tex/generic/pgf/utilities\pg
futil-common.tex"
\pgfutil@everybye=\toks30
\pgfutil@tempdima=\dimen261
\pgfutil@tempdimb=\dimen262

("C:\Users\vivia\AppData\Local\Programs\MiKTeX 2.9\tex/generic/pgf/utilities\pg
futil-common-lists.tex"))
("C:\Users\vivia\AppData\Local\Programs\MiKTeX 2.9\tex/generic/pgf/utilities\pg
futil-latex.def"
\pgfutil@abb=\box107

("C:\Users\vivia\AppData\Local\Programs\MiKTeX 2.9\tex/latex/ms\everyshi.sty"
Package: everyshi 2001/05/15 v3.00 EveryShipout Package (MS)
))
("C:\Users\vivia\AppData\Local\Programs\MiKTeX 2.9\tex/generic/pgf/utilities\pg
frcs.code.tex"
("C:\Users\vivia\AppData\Local\Programs\MiKTeX 2.9\tex/generic/pgf\pgf.revision
.tex")
Package: pgfrcs 2020/01/08 v3.1.5b (3.1.5b)
))
Package: pgf 2020/01/08 v3.1.5b (3.1.5b)

("C:\Users\vivia\AppData\Local\Programs\MiKTeX 2.9\tex/latex/pgf/basiclayer\pgf
core.sty"
("C:\Users\vivia\AppData\Local\Programs\MiKTeX 2.9\tex/latex/pgf/systemlayer\pg
fsys.sty"
("C:\Users\vivia\AppData\Local\Programs\MiKTeX 2.9\tex/generic/pgf/systemlayer\
pgfsys.code.tex"
Package: pgfsys 2020/01/08 v3.1.5b (3.1.5b)

("C:\Users\vivia\AppData\Local\Programs\MiKTeX 2.9\tex/generic/pgf/utilities\pg
fkeys.code.tex"
\pgfkeys@pathtoks=\toks31
\pgfkeys@temptoks=\toks32

("C:\Users\vivia\AppData\Local\Programs\MiKTeX 2.9\tex/generic/pgf/utilities\pg
fkeysfiltered.code.tex"
\pgfkeys@tmptoks=\toks33
))
\pgf@x=\dimen263
\pgf@y=\dimen264
\pgf@xa=\dimen265
\pgf@ya=\dimen266
\pgf@xb=\dimen267
\pgf@yb=\dimen268
\pgf@xc=\dimen269
\pgf@yc=\dimen270
\pgf@xd=\dimen271
\pgf@yd=\dimen272
\w@pgf@writea=\write4
\r@pgf@reada=\read4
\c@pgf@counta=\count449
\c@pgf@countb=\count450
\c@pgf@countc=\count451
\c@pgf@countd=\count452
\t@pgf@toka=\toks34
\t@pgf@tokb=\toks35
\t@pgf@tokc=\toks36
\pgf@sys@id@count=\count453

("C:\Users\vivia\AppData\Local\Programs\MiKTeX 2.9\tex/generic/pgf/systemlayer\
pgf.cfg"
File: pgf.cfg 2020/01/08 v3.1.5b (3.1.5b)
)
Driver file for pgf: pgfsys-pdftex.def

("C:\Users\vivia\AppData\Local\Programs\MiKTeX 2.9\tex/generic/pgf/systemlayer\
pgfsys-pdftex.def"
File: pgfsys-pdftex.def 2020/01/08 v3.1.5b (3.1.5b)

("C:\Users\vivia\AppData\Local\Programs\MiKTeX 2.9\tex/generic/pgf/systemlayer\
pgfsys-common-pdf.def"
File: pgfsys-common-pdf.def 2020/01/08 v3.1.5b (3.1.5b)
)))
("C:\Users\vivia\AppData\Local\Programs\MiKTeX 2.9\tex/generic/pgf/systemlayer\
pgfsyssoftpath.code.tex"
File: pgfsyssoftpath.code.tex 2020/01/08 v3.1.5b (3.1.5b)
\pgfsyssoftpath@smallbuffer@items=\count454
\pgfsyssoftpath@bigbuffer@items=\count455
)
("C:\Users\vivia\AppData\Local\Programs\MiKTeX 2.9\tex/generic/pgf/systemlayer\
pgfsysprotocol.code.tex"
File: pgfsysprotocol.code.tex 2020/01/08 v3.1.5b (3.1.5b)
))
("C:\Users\vivia\AppData\Local\Programs\MiKTeX 2.9\tex/generic/pgf/basiclayer\p
gfcore.code.tex"
Package: pgfcore 2020/01/08 v3.1.5b (3.1.5b)

("C:\Users\vivia\AppData\Local\Programs\MiKTeX 2.9\tex/generic/pgf/math\pgfmath
.code.tex"
("C:\Users\vivia\AppData\Local\Programs\MiKTeX 2.9\tex/generic/pgf/math\pgfmath
calc.code.tex"
("C:\Users\vivia\AppData\Local\Programs\MiKTeX 2.9\tex/generic/pgf/math\pgfmath
util.code.tex")
("C:\Users\vivia\AppData\Local\Programs\MiKTeX 2.9\tex/generic/pgf/math\pgfmath
parser.code.tex"
\pgfmath@dimen=\dimen273
\pgfmath@count=\count456
\pgfmath@box=\box108
\pgfmath@toks=\toks37
\pgfmath@stack@operand=\toks38
\pgfmath@stack@operation=\toks39
)
("C:\Users\vivia\AppData\Local\Programs\MiKTeX 2.9\tex/generic/pgf/math\pgfmath
functions.code.tex"
("C:\Users\vivia\AppData\Local\Programs\MiKTeX 2.9\tex/generic/pgf/math\pgfmath
functions.basic.code.tex")
("C:\Users\vivia\AppData\Local\Programs\MiKTeX 2.9\tex/generic/pgf/math\pgfmath
functions.trigonometric.code.tex")
("C:\Users\vivia\AppData\Local\Programs\MiKTeX 2.9\tex/generic/pgf/math\pgfmath
functions.random.code.tex")
("C:\Users\vivia\AppData\Local\Programs\MiKTeX 2.9\tex/generic/pgf/math\pgfmath
functions.comparison.code.tex")
("C:\Users\vivia\AppData\Local\Programs\MiKTeX 2.9\tex/generic/pgf/math\pgfmath
functions.base.code.tex")
("C:\Users\vivia\AppData\Local\Programs\MiKTeX 2.9\tex/generic/pgf/math\pgfmath
functions.round.code.tex")
("C:\Users\vivia\AppData\Local\Programs\MiKTeX 2.9\tex/generic/pgf/math\pgfmath
functions.misc.code.tex")
("C:\Users\vivia\AppData\Local\Programs\MiKTeX 2.9\tex/generic/pgf/math\pgfmath
functions.integerarithmetics.code.tex")))
("C:\Users\vivia\AppData\Local\Programs\MiKTeX 2.9\tex/generic/pgf/math\pgfmath
float.code.tex"
\c@pgfmathroundto@lastzeros=\count457
))
("C:\Users\vivia\AppData\Local\Programs\MiKTeX 2.9\tex/generic/pgf/math\pgfint.
code.tex")
("C:\Users\vivia\AppData\Local\Programs\MiKTeX 2.9\tex/generic/pgf/basiclayer\p
gfcorepoints.code.tex"
File: pgfcorepoints.code.tex 2020/01/08 v3.1.5b (3.1.5b)
\pgf@picminx=\dimen274
\pgf@picmaxx=\dimen275
\pgf@picminy=\dimen276
\pgf@picmaxy=\dimen277
\pgf@pathminx=\dimen278
\pgf@pathmaxx=\dimen279
\pgf@pathminy=\dimen280
\pgf@pathmaxy=\dimen281
\pgf@xx=\dimen282
\pgf@xy=\dimen283
\pgf@yx=\dimen284
\pgf@yy=\dimen285
\pgf@zx=\dimen286
\pgf@zy=\dimen287
)
("C:\Users\vivia\AppData\Local\Programs\MiKTeX 2.9\tex/generic/pgf/basiclayer\p
gfcorepathconstruct.code.tex"
File: pgfcorepathconstruct.code.tex 2020/01/08 v3.1.5b (3.1.5b)
\pgf@path@lastx=\dimen288
\pgf@path@lasty=\dimen289
)
("C:\Users\vivia\AppData\Local\Programs\MiKTeX 2.9\tex/generic/pgf/basiclayer\p
gfcorepathusage.code.tex"
File: pgfcorepathusage.code.tex 2020/01/08 v3.1.5b (3.1.5b)
\pgf@shorten@end@additional=\dimen290
\pgf@shorten@start@additional=\dimen291
)
("C:\Users\vivia\AppData\Local\Programs\MiKTeX 2.9\tex/generic/pgf/basiclayer\p
gfcorescopes.code.tex"
File: pgfcorescopes.code.tex 2020/01/08 v3.1.5b (3.1.5b)
\pgfpic=\box109
\pgf@hbox=\box110
\pgf@layerbox@main=\box111
\pgf@picture@serial@count=\count458
)
("C:\Users\vivia\AppData\Local\Programs\MiKTeX 2.9\tex/generic/pgf/basiclayer\p
gfcoregraphicstate.code.tex"
File: pgfcoregraphicstate.code.tex 2020/01/08 v3.1.5b (3.1.5b)
\pgflinewidth=\dimen292
)
("C:\Users\vivia\AppData\Local\Programs\MiKTeX 2.9\tex/generic/pgf/basiclayer\p
gfcoretransformations.code.tex"
File: pgfcoretransformations.code.tex 2020/01/08 v3.1.5b (3.1.5b)
\pgf@pt@x=\dimen293
\pgf@pt@y=\dimen294
\pgf@pt@temp=\dimen295
)
("C:\Users\vivia\AppData\Local\Programs\MiKTeX 2.9\tex/generic/pgf/basiclayer\p
gfcorequick.code.tex"
File: pgfcorequick.code.tex 2020/01/08 v3.1.5b (3.1.5b)
)
("C:\Users\vivia\AppData\Local\Programs\MiKTeX 2.9\tex/generic/pgf/basiclayer\p
gfcoreobjects.code.tex"
File: pgfcoreobjects.code.tex 2020/01/08 v3.1.5b (3.1.5b)
)
("C:\Users\vivia\AppData\Local\Programs\MiKTeX 2.9\tex/generic/pgf/basiclayer\p
gfcorepathprocessing.code.tex"
File: pgfcorepathprocessing.code.tex 2020/01/08 v3.1.5b (3.1.5b)
)
("C:\Users\vivia\AppData\Local\Programs\MiKTeX 2.9\tex/generic/pgf/basiclayer\p
gfcorearrows.code.tex"
File: pgfcorearrows.code.tex 2020/01/08 v3.1.5b (3.1.5b)
\pgfarrowsep=\dimen296
)
("C:\Users\vivia\AppData\Local\Programs\MiKTeX 2.9\tex/generic/pgf/basiclayer\p
gfcoreshade.code.tex"
File: pgfcoreshade.code.tex 2020/01/08 v3.1.5b (3.1.5b)
\pgf@max=\dimen297
\pgf@sys@shading@range@num=\count459
\pgf@shadingcount=\count460
)
("C:\Users\vivia\AppData\Local\Programs\MiKTeX 2.9\tex/generic/pgf/basiclayer\p
gfcoreimage.code.tex"
File: pgfcoreimage.code.tex 2020/01/08 v3.1.5b (3.1.5b)

("C:\Users\vivia\AppData\Local\Programs\MiKTeX 2.9\tex/generic/pgf/basiclayer\p
gfcoreexternal.code.tex"
File: pgfcoreexternal.code.tex 2020/01/08 v3.1.5b (3.1.5b)
\pgfexternal@startupbox=\box112
))
("C:\Users\vivia\AppData\Local\Programs\MiKTeX 2.9\tex/generic/pgf/basiclayer\p
gfcorelayers.code.tex"
File: pgfcorelayers.code.tex 2020/01/08 v3.1.5b (3.1.5b)
)
("C:\Users\vivia\AppData\Local\Programs\MiKTeX 2.9\tex/generic/pgf/basiclayer\p
gfcoretransparency.code.tex"
File: pgfcoretransparency.code.tex 2020/01/08 v3.1.5b (3.1.5b)
)
("C:\Users\vivia\AppData\Local\Programs\MiKTeX 2.9\tex/generic/pgf/basiclayer\p
gfcorepatterns.code.tex"
File: pgfcorepatterns.code.tex 2020/01/08 v3.1.5b (3.1.5b)
)
("C:\Users\vivia\AppData\Local\Programs\MiKTeX 2.9\tex/generic/pgf/basiclayer\p
gfcorerdf.code.tex"
File: pgfcorerdf.code.tex 2020/01/08 v3.1.5b (3.1.5b)
)))
("C:\Users\vivia\AppData\Local\Programs\MiKTeX 2.9\tex/generic/pgf/modules\pgfm
oduleshapes.code.tex"
File: pgfmoduleshapes.code.tex 2020/01/08 v3.1.5b (3.1.5b)
\pgfnodeparttextbox=\box113
)
("C:\Users\vivia\AppData\Local\Programs\MiKTeX 2.9\tex/generic/pgf/modules\pgfm
oduleplot.code.tex"
File: pgfmoduleplot.code.tex 2020/01/08 v3.1.5b (3.1.5b)
)
("C:\Users\vivia\AppData\Local\Programs\MiKTeX 2.9\tex/latex/pgf/compatibility\
pgfcomp-version-0-65.sty"
Package: pgfcomp-version-0-65 2020/01/08 v3.1.5b (3.1.5b)
\pgf@nodesepstart=\dimen298
\pgf@nodesepend=\dimen299
)
("C:\Users\vivia\AppData\Local\Programs\MiKTeX 2.9\tex/latex/pgf/compatibility\
pgfcomp-version-1-18.sty"
Package: pgfcomp-version-1-18 2020/01/08 v3.1.5b (3.1.5b)
))
("C:\Users\vivia\AppData\Local\Programs\MiKTeX 2.9\tex/latex/pgf/utilities\pgff
or.sty"
("C:\Users\vivia\AppData\Local\Programs\MiKTeX 2.9\tex/latex/pgf/utilities\pgfk
eys.sty"
("C:\Users\vivia\AppData\Local\Programs\MiKTeX 2.9\tex/generic/pgf/utilities\pg
fkeys.code.tex"))
("C:\Users\vivia\AppData\Local\Programs\MiKTeX 2.9\tex/latex/pgf/math\pgfmath.s
ty"
("C:\Users\vivia\AppData\Local\Programs\MiKTeX 2.9\tex/generic/pgf/math\pgfmath
.code.tex"))
("C:\Users\vivia\AppData\Local\Programs\MiKTeX 2.9\tex/generic/pgf/utilities\pg
ffor.code.tex"
Package: pgffor 2020/01/08 v3.1.5b (3.1.5b)

("C:\Users\vivia\AppData\Local\Programs\MiKTeX 2.9\tex/generic/pgf/math\pgfmath
.code.tex")
\pgffor@iter=\dimen300
\pgffor@skip=\dimen301
\pgffor@stack=\toks40
\pgffor@toks=\toks41
))
("C:\Users\vivia\AppData\Local\Programs\MiKTeX 2.9\tex/generic/pgf/frontendlaye
r/tikz\tikz.code.tex"
Package: tikz 2020/01/08 v3.1.5b (3.1.5b)

("C:\Users\vivia\AppData\Local\Programs\MiKTeX 2.9\tex/generic/pgf/libraries\pg
flibraryplothandlers.code.tex"
File: pgflibraryplothandlers.code.tex 2020/01/08 v3.1.5b (3.1.5b)
\pgf@plot@mark@count=\count461
\pgfplotmarksize=\dimen302
)
\tikz@lastx=\dimen303
\tikz@lasty=\dimen304
\tikz@lastxsaved=\dimen305
\tikz@lastysaved=\dimen306
\tikz@lastmovetox=\dimen307
\tikz@lastmovetoy=\dimen308
\tikzleveldistance=\dimen309
\tikzsiblingdistance=\dimen310
\tikz@figbox=\box114
\tikz@figbox@bg=\box115
\tikz@tempbox=\box116
\tikz@tempbox@bg=\box117
\tikztreelevel=\count462
\tikznumberofchildren=\count463
\tikznumberofcurrentchild=\count464
\tikz@fig@count=\count465

("C:\Users\vivia\AppData\Local\Programs\MiKTeX 2.9\tex/generic/pgf/modules\pgfm
odulematrix.code.tex"
File: pgfmodulematrix.code.tex 2020/01/08 v3.1.5b (3.1.5b)
\pgfmatrixcurrentrow=\count466
\pgfmatrixcurrentcolumn=\count467
\pgf@matrix@numberofcolumns=\count468
)
\tikz@expandcount=\count469

("C:\Users\vivia\AppData\Local\Programs\MiKTeX 2.9\tex/generic/pgf/frontendlaye
r/tikz/libraries\tikzlibrarytopaths.code.tex"
File: tikzlibrarytopaths.code.tex 2020/01/08 v3.1.5b (3.1.5b)
)))
("C:\Users\vivia\AppData\Local\Programs\MiKTeX 2.9\tex/latex/mdframed\md-frame-
1.mdf"
File: md-frame-1.mdf 2013/07/01\ 1.9b: md-frame-1
)
\mdf@frametitlebox=\box118
\mdf@footnotebox=\box119
\mdf@splitbox@one=\box120
\mdf@splitbox@two=\box121
\mdf@splitbox@save=\box122
\mdfsplitboxwidth=\skip135
\mdfsplitboxtotalwidth=\skip136
\mdfsplitboxheight=\skip137
\mdfsplitboxdepth=\skip138
\mdfsplitboxtotalheight=\skip139
\mdfframetitleboxwidth=\skip140
\mdfframetitleboxtotalwidth=\skip141
\mdfframetitleboxheight=\skip142
\mdfframetitleboxdepth=\skip143
\mdfframetitleboxtotalheight=\skip144
\mdffootnoteboxwidth=\skip145
\mdffootnoteboxtotalwidth=\skip146
\mdffootnoteboxheight=\skip147
\mdffootnoteboxdepth=\skip148
\mdffootnoteboxtotalheight=\skip149
\mdftotallinewidth=\skip150
\mdfboundingboxwidth=\skip151
\mdfboundingboxtotalwidth=\skip152
\mdfboundingboxheight=\skip153
\mdfboundingboxdepth=\skip154
\mdfboundingboxtotalheight=\skip155
\mdf@freevspace@length=\skip156
\mdf@horizontalwidthofbox@length=\skip157
\mdf@verticalmarginwhole@length=\skip158
\mdf@horizontalspaceofbox=\skip159
\mdfsubtitleheight=\skip160
\mdfsubsubtitleheight=\skip161
\c@mdfcountframes=\count470

****** mdframed patching \endmdf@trivlist

****** -- success******

\mdf@envdepth=\count471
\c@mdf@env@i=\count472
\c@mdf@env@ii=\count473
\c@mdf@zref@counter=\count474
Package zref Info: New property: mdf@pagevalue on input line 895.
) ("C:\Users\vivia\AppData\Local\Programs\MiKTeX 2.9\tex/latex/fp\fp.sty"
Package: fp 1995/04/02
 `Fixed Point Package', Version 0.8, April 2, 1995 (C) Michael Mehlich
("C:\Users\vivia\AppData\Local\Programs\MiKTeX 2.9\tex/latex/fp\defpattern.sty"
Package: defpattern 1994/10/12
\actioncount=\count475
) ("C:\Users\vivia\AppData\Local\Programs\MiKTeX 2.9\tex/latex/fp\fp-basic.sty"
Package: fp-basic 1996/05/13
\FP@xs=\count476
\FP@xia=\count477
\FP@xib=\count478
\FP@xfa=\count479
\FP@xfb=\count480
\FP@rega=\count481
\FP@regb=\count482
\FP@regs=\count483
\FP@times=\count484
) ("C:\Users\vivia\AppData\Local\Programs\MiKTeX 2.9\tex/latex/fp\fp-addons.sty
"
Package: fp-addons 1995/03/15
) ("C:\Users\vivia\AppData\Local\Programs\MiKTeX 2.9\tex/latex/fp\fp-snap.sty"
Package: fp-snap 1995/04/05
) ("C:\Users\vivia\AppData\Local\Programs\MiKTeX 2.9\tex/latex/fp\fp-exp.sty"
Package: fp-exp 1995/04/03
)
("C:\Users\vivia\AppData\Local\Programs\MiKTeX 2.9\tex/latex/fp\fp-trigo.sty"
Package: fp-trigo 1995/04/14
)
("C:\Users\vivia\AppData\Local\Programs\MiKTeX 2.9\tex/latex/fp\fp-pas.sty"
Package: fp-pas 1994/08/29
)
("C:\Users\vivia\AppData\Local\Programs\MiKTeX 2.9\tex/latex/fp\fp-random.sty"
Package: fp-random 1995/02/23
\FPseed=\count485
) ("C:\Users\vivia\AppData\Local\Programs\MiKTeX 2.9\tex/latex/fp\fp-eqn.sty"
Package: fp-eqn 1995/04/03
)
("C:\Users\vivia\AppData\Local\Programs\MiKTeX 2.9\tex/latex/fp\fp-upn.sty"
Package: fp-upn 1996/10/21
)
("C:\Users\vivia\AppData\Local\Programs\MiKTeX 2.9\tex/latex/fp\fp-eval.sty"
Package: fp-eval 1995/04/03
))) (packages/sleek-theorems.sty

LaTeX Warning: You have requested package `packages/sleek-theorems',
               but the package provides `sleek-theorems'.

Package: sleek-theorems 2020/10/28 v1.0 Sleek Theorems
("C:\Users\vivia\AppData\Local\Programs\MiKTeX 2.9\tex/latex/amscls\amsthm.sty"
Package: amsthm 2017/10/31 v2.20.4
\thm@style=\toks42
\thm@bodyfont=\toks43
\thm@headfont=\toks44
\thm@notefont=\toks45
\thm@headpunct=\toks46
\thm@preskip=\skip162
\thm@postskip=\skip163
\thm@headsep=\skip164
\dth@everypar=\toks47
)
("C:\Users\vivia\AppData\Local\Programs\MiKTeX 2.9\tex/latex/thmtools\thmtools.
sty"
Package: thmtools 2019/12/22 v68
\thmt@toks=\toks48
\c@thmt@dummyctr=\count486

("C:\Users\vivia\AppData\Local\Programs\MiKTeX 2.9\tex/latex/thmtools\thm-patch
.sty"
Package: thm-patch 2019/12/22 v68

("C:\Users\vivia\AppData\Local\Programs\MiKTeX 2.9\tex/latex/thmtools\parseargs
.sty"
Package: parseargs 2019/12/22 v68
\@parsespec=\toks49
))
("C:\Users\vivia\AppData\Local\Programs\MiKTeX 2.9\tex/latex/thmtools\thm-kv.st
y"
Package: thm-kv 2019/12/22 v68
Package thm-kv Info: Theorem names will be uppercased on input line 39.
Package thm-kv Info: kvsetkeys patch (v1.16 or later) on input line 155.
)
("C:\Users\vivia\AppData\Local\Programs\MiKTeX 2.9\tex/latex/thmtools\thm-autor
ef.sty"
Package: thm-autoref 2019/12/22 v68

("C:\Users\vivia\AppData\Local\Programs\MiKTeX 2.9\tex/latex/thmtools\aliasctr.
sty"
Package: aliasctr 2019/12/22 v68
))
("C:\Users\vivia\AppData\Local\Programs\MiKTeX 2.9\tex/latex/thmtools\thm-listo
f.sty"
Package: thm-listof 2019/12/22 v68
)
("C:\Users\vivia\AppData\Local\Programs\MiKTeX 2.9\tex/latex/thmtools\thm-resta
te.sty"
Package: thm-restate 2019/12/22 v68
)
("C:\Users\vivia\AppData\Local\Programs\MiKTeX 2.9\tex/latex/thmtools\thm-amsth
m.sty"
Package: thm-amsthm 2019/12/22 v68
\thmt@style@headstyle=\toks50
))
\c@thm=\count487
\c@defn=\count488
\c@hyp=\count489
\c@meth=\count490
\c@quest=\count491
\c@answ=\count492
\c@expl=\count493
\c@framedprf=\count494
\c@framedmeth=\count495
) (packages/sleek-listings.sty

LaTeX Warning: You have requested package `packages/sleek-listings',
               but the package provides `sleek-listings'.

Package: sleek-listings 2020/10/28 v1.0 Sleek Listings

("C:\Users\vivia\AppData\Local\Programs\MiKTeX 2.9\tex/latex/inconsolata\incons
olata.sty"
Package: inconsolata 2019/05/17 v1.12

`inconsolata-zi4' v1.12, 2019/05/17 Text macros for Inconsolata (msharpe)
("C:\Users\vivia\AppData\Local\Programs\MiKTeX 2.9\tex/latex/base\textcomp.sty"
Package: textcomp 2020/02/02 v2.0n Standard LaTeX package
)
("C:\Users\vivia\AppData\Local\Programs\MiKTeX 2.9\tex/latex/xkeyval\xkeyval.st
y"
Package: xkeyval 2014/12/03 v2.7a package option processing (HA)

("C:\Users\vivia\AppData\Local\Programs\MiKTeX 2.9\tex/generic/xkeyval\xkeyval.
tex"
("C:\Users\vivia\AppData\Local\Programs\MiKTeX 2.9\tex/generic/xkeyval\xkvutils
.tex"
\XKV@toks=\toks51
\XKV@tempa@toks=\toks52
)
\XKV@depth=\count496
File: xkeyval.tex 2014/12/03 v2.7a key=value parser (HA)
))
\zifour@ocount=\count497
)
("C:\Users\vivia\AppData\Local\Programs\MiKTeX 2.9\tex/latex/listings\listings.
sty"
\lst@mode=\count498
\lst@gtempboxa=\box123
\lst@token=\toks53
\lst@length=\count499
\lst@currlwidth=\dimen311
\lst@column=\count500
\lst@pos=\count501
\lst@lostspace=\dimen312
\lst@width=\dimen313
\lst@newlines=\count502
\lst@lineno=\count503
\lst@maxwidth=\dimen314

("C:\Users\vivia\AppData\Local\Programs\MiKTeX 2.9\tex/latex/listings\lstmisc.s
ty"
File: lstmisc.sty 2020/03/24 1.8d (Carsten Heinz)
\c@lstnumber=\count504
\lst@skipnumbers=\count505
\lst@framebox=\box124
)
("C:\Users\vivia\AppData\Local\Programs\MiKTeX 2.9\tex/latex/listings\listings.
cfg"
File: listings.cfg 2020/03/24 1.8d listings configuration
))
Package: listings 2020/03/24 1.8d (Carsten Heinz)
)
("C:\Users\vivia\AppData\Local\Programs\MiKTeX 2.9\tex/latex/pythonhighlight\py
thonhighlight.sty"
Package: pythonhighlight 2017/02/09 python code highlighting; provided by Olivi
er Verdier <olivier.verdier@gmail.com>
)
("C:\Users\vivia\AppData\Local\Programs\MiKTeX 2.9\tex/latex/wrapfig\wrapfig.st
y"
\wrapoverhang=\dimen315
\WF@size=\dimen316
\c@WF@wrappedlines=\count506
\WF@box=\box125
\WF@everypar=\toks54
Package: wrapfig 2003/01/31  v 3.6
)
("C:\Users\vivia\AppData\Local\Programs\MiKTeX 2.9\tex/latex/lastpage\lastpage.
sty"
Package: lastpage 2015/03/29 v1.2m Refers to last page's name (HMM; JPG)
)
("C:\Users\vivia\AppData\Local\Programs\MiKTeX 2.9\tex/latex/mathtools\mathtool
s.sty"
Package: mathtools 2020/03/24 v1.24 mathematical typesetting tools

("C:\Users\vivia\AppData\Local\Programs\MiKTeX 2.9\tex/latex/tools\calc.sty"
Package: calc 2017/05/25 v4.3 Infix arithmetic (KKT,FJ)
\calc@Acount=\count507
\calc@Bcount=\count508
\calc@Adimen=\dimen317
\calc@Bdimen=\dimen318
\calc@Askip=\skip165
\calc@Bskip=\skip166
LaTeX Info: Redefining \setlength on input line 80.
LaTeX Info: Redefining \addtolength on input line 81.
\calc@Ccount=\count509
\calc@Cskip=\skip167
)
("C:\Users\vivia\AppData\Local\Programs\MiKTeX 2.9\tex/latex/mathtools\mhsetup.
sty"
Package: mhsetup 2017/03/31 v1.3 programming setup (MH)
)
LaTeX Info: Thecontrolsequence`\('isalreadyrobust on input line 130.
LaTeX Info: Thecontrolsequence`\)'isalreadyrobust on input line 130.
LaTeX Info: Thecontrolsequence`\['isalreadyrobust on input line 130.
LaTeX Info: Thecontrolsequence`\]'isalreadyrobust on input line 130.
\g_MT_multlinerow_int=\count510
\l_MT_multwidth_dim=\dimen319
\origjot=\skip168
\l_MT_shortvdotswithinadjustabove_dim=\dimen320
\l_MT_shortvdotswithinadjustbelow_dim=\dimen321
\l_MT_above_intertext_sep=\dimen322
\l_MT_below_intertext_sep=\dimen323
\l_MT_above_shortintertext_sep=\dimen324
\l_MT_below_shortintertext_sep=\dimen325
\xmathstrut@box=\box126
\xmathstrut@dim=\dimen326
)
\c@definition=\count511
\c@property=\count512
\c@example=\count513
\c@exercise=\count514
\c@theorem=\count515
Package csquotes Info: Checking for multilingual support...
Package csquotes Info: ... found 'babel' package.
Package csquotes Info: Adjusting default style.
Package csquotes Info: Redefining alias 'default' -> 'english'.
 (main.aux)
\openout1 = `main.aux'.

LaTeX Font Info:    Checking defaults for OML/cmm/m/it on input line 95.
LaTeX Font Info:    ... okay on input line 95.
LaTeX Font Info:    Checking defaults for OMS/cmsy/m/n on input line 95.
LaTeX Font Info:    ... okay on input line 95.
LaTeX Font Info:    Checking defaults for OT1/cmr/m/n on input line 95.
LaTeX Font Info:    ... okay on input line 95.
LaTeX Font Info:    Checking defaults for T1/cmr/m/n on input line 95.
LaTeX Font Info:    ... okay on input line 95.
LaTeX Font Info:    Checking defaults for TS1/cmr/m/n on input line 95.
LaTeX Font Info:    ... okay on input line 95.
LaTeX Font Info:    Checking defaults for OMX/cmex/m/n on input line 95.
LaTeX Font Info:    ... okay on input line 95.
LaTeX Font Info:    Checking defaults for U/cmr/m/n on input line 95.
LaTeX Font Info:    ... okay on input line 95.
LaTeX Font Info:    Checking defaults for PD1/pdf/m/n on input line 95.
LaTeX Font Info:    ... okay on input line 95.

*geometry* driver: auto-detecting
*geometry* detected driver: pdftex
*geometry* verbose mode - [ preamble ] result:
* driver: pdftex
* paper: a4paper
* layout: <same size as paper>
* layoutoffset:(h,v)=(0.0pt,0.0pt)
* modes: 
* h-part:(L,W,R)=(71.13188pt, 455.24411pt, 71.13188pt)
* v-part:(T,H,B)=(71.13188pt, 702.78308pt, 71.13188pt)
* \paperwidth=597.50787pt
* \paperheight=845.04684pt
* \textwidth=455.24411pt
* \textheight=702.78308pt
* \oddsidemargin=-1.1381pt
* \evensidemargin=-1.1381pt
* \topmargin=-38.1381pt
* \headheight=12.0pt
* \headsep=25.0pt
* \topskip=12.0pt
* \footskip=30.0pt
* \marginparwidth=35.0pt
* \marginparsep=10.0pt
* \columnsep=10.0pt
* \skip\footins=10.8pt plus 4.0pt minus 2.0pt
* \hoffset=0.0pt
* \voffset=0.0pt
* \mag=1000
* \@twocolumnfalse
* \@twosidefalse
* \@mparswitchfalse
* \@reversemarginfalse
* (1in=72.27pt=25.4mm, 1cm=28.453pt)


("C:\Users\vivia\AppData\Local\Programs\MiKTeX 2.9\tex/context/base/mkii\supp-p
df.mkii"
[Loading MPS to PDF converter (version 2006.09.02).]
\scratchcounter=\count516
\scratchdimen=\dimen327
\scratchbox=\box127
\nofMPsegments=\count517
\nofMParguments=\count518
\everyMPshowfont=\toks55
\MPscratchCnt=\count519
\MPscratchDim=\dimen328
\MPnumerator=\count520
\makeMPintoPDFobject=\count521
\everyMPtoPDFconversion=\toks56
)
("C:\Users\vivia\AppData\Local\Programs\MiKTeX 2.9\tex/latex/epstopdf-pkg\epsto
pdf-base.sty"
Package: epstopdf-base 2020-01-24 v2.11 Base part for package epstopdf
Package epstopdf-base Info: Redefining graphics rule for `.eps' on input line 4
85.
)
\AtBeginShipoutBox=\box128
Package hyperref Info: Link coloring ON on input line 95.

("C:\Users\vivia\AppData\Local\Programs\MiKTeX 2.9\tex/latex/hyperref\nameref.s
ty"
Package: nameref 2019/09/16 v2.46 Cross-referencing by name of section

("C:\Users\vivia\AppData\Local\Programs\MiKTeX 2.9\tex/latex/refcount\refcount.
sty"
Package: refcount 2019/12/15 v3.6 Data extraction from label references (HO)
)
("C:\Users\vivia\AppData\Local\Programs\MiKTeX 2.9\tex/generic/gettitlestring\g
ettitlestring.sty"
Package: gettitlestring 2019/12/15 v1.6 Cleanup title references (HO)
)
\c@section@level=\count522
)
LaTeX Info: Redefining \ref on input line 95.
LaTeX Info: Redefining \pageref on input line 95.
LaTeX Info: Redefining \nameref on input line 95.
 (main.out) (main.out)
\@outlinefile=\write5
\openout5 = `main.out'.


("C:\Users\vivia\AppData\Local\Programs\MiKTeX 2.9\tex/latex/translator\transla
tor-basic-dictionary-English.dict"
Dictionary: translator-basic-dictionary, Language: English 
)
("C:\Users\vivia\AppData\Local\Programs\MiKTeX 2.9\tex/latex/siunitx\siunitx-ab
breviations.cfg"
File: siunitx-abbreviations.cfg 2017/11/26 v2.7k siunitx: Abbreviated units
)
Package caption Info: Begin \AtBeginDocument code.
Package caption Info: listings package is loaded.
Package caption Info: wrapfig package is loaded.
Package caption Info: End \AtBeginDocument code.
Package biblatex Info: Trying to load language 'english'...
Package biblatex Info: ... file 'english.lbx' found.

("C:\Users\vivia\AppData\Local\Programs\MiKTeX 2.9\tex/latex/biblatex/lbx\engli
sh.lbx"
File: english.lbx 2019/12/01 v3.14 biblatex localization (PK/MW)
)
Package biblatex Info: Input encoding 'utf8' detected.
Package biblatex Info: Automatic encoding selection.
(biblatex)             Assuming data encoding 'utf8'.
\openout3 = `main.bcf'.

Package biblatex Info: Trying to load bibliographic data...
Package biblatex Info: ... file 'main.bbl' not found.

No file main.bbl.
Package biblatex Info: Reference section=0 on input line 95.
Package biblatex Info: Reference segment=0 on input line 95.
ABD: EveryShipout initializing macros
("C:\Users\vivia\AppData\Local\Programs\MiKTeX 2.9\tex/latex/upquote\upquote.st
y"
Package: upquote 2012/04/19 v1.3 upright-quote and grave-accent glyphs in verba
tim
)
\c@lstlisting=\count523
Package lastpage Info: Please have a look at the pageslts package at
(lastpage)             https://www.ctan.org/pkg/pageslts
(lastpage)             ! on input line 95.
LaTeX Font Info:    Trying to load font information for U+msa on input line 95.


("C:\Users\vivia\AppData\Local\Programs\MiKTeX 2.9\tex/latex/amsfonts\umsa.fd"
File: umsa.fd 2013/01/14 v3.01 AMS symbols A
)
LaTeX Font Info:    Trying to load font information for U+msb on input line 95.

("C:\Users\vivia\AppData\Local\Programs\MiKTeX 2.9\tex/latex/amsfonts\umsb.fd"
File: umsb.fd 2013/01/14 v3.01 AMS symbols B
)
LaTeX Font Info:    Trying to load font information for U+esint on input line 9
5.
("C:\Users\vivia\AppData\Local\Programs\MiKTeX 2.9\tex/latex/esint\uesint.fd"
File: uesint.fd 
)
*geometry* verbose mode - [ newgeometry ] result:
* driver: pdftex
* paper: a4paper
* layout: <same size as paper>
* layoutoffset:(h,v)=(0.0pt,0.0pt)
* modes: 
* h-part:(L,W,R)=(71.13188pt, 455.24411pt, 71.13188pt)
* v-part:(T,H,B)=(71.13188pt, 702.78308pt, 71.13188pt)
* \paperwidth=597.50787pt
* \paperheight=845.04684pt
* \textwidth=455.24411pt
* \textheight=702.78308pt
* \oddsidemargin=-1.1381pt
* \evensidemargin=-1.1381pt
* \topmargin=-38.1381pt
* \headheight=12.0pt
* \headsep=25.0pt
* \topskip=12.0pt
* \footskip=30.0pt
* \marginparwidth=35.0pt
* \marginparsep=10.0pt
* \columnsep=10.0pt
* \skip\footins=10.8pt plus 4.0pt minus 2.0pt
* \hoffset=0.0pt
* \voffset=0.0pt
* \mag=1000
* \@twocolumnfalse
* \@twosidefalse
* \@mparswitchfalse
* \@reversemarginfalse
* (1in=72.27pt=25.4mm, 1cm=28.453pt)

<./resources/img/logo.png, id=6, 954.767pt x 957.979pt>
File: ./resources/img/logo.png Graphic file (type png)
<use ./resources/img/logo.png>
Package pdftex.def Info: ./resources/img/logo.png  used on input line 96.
(pdftex.def)             Requested size: 105.05383pt x 105.41316pt.

Overfull \hbox (30.0pt too wide) in paragraph at lines 96--96
[][] 
 []

Package mdframed Info: mdframed detected package amsthm 
 changed the theorem header of amsthm
(mdframed)              on input line 96.
Package mdframed Info: mdframed inside a box 
 mdframed uses option nobreak mdframed on input line 96.

Overfull \hbox (30.0pt too wide) in paragraph at lines 96--96
[]$[]$ 
 []


Overfull \hbox (30.0pt too wide) in paragraph at lines 96--96
[][] 
 []

[1



{C:/Users/vivia/AppData/Local/MiKTeX/2.9/pdftex/config/pdftex.map} <./resources
/img/logo.png>]
Package hyperref Info: bookmark level for unknown definition defaults to 0 on i
nput line 100.
Package hyperref Info: bookmark level for unknown property defaults to 0 on inp
ut line 108.
Package hyperref Info: bookmark level for unknown example defaults to 0 on inpu
t line 111.
pdfTeX warning (ext4): destination with the same identifier (name{page.1}) has 
been already used, duplicate ignored
<to be read again> 
                   \relax 
l.136 \end{itemize}
                    [1


] [2]
Underfull \hbox (badness 10000) in paragraph at lines 179--180

 []

<images/attacks1.png, id=59, 322.20375pt x 181.67876pt>
File: images/attacks1.png Graphic file (type png)
<use images/attacks1.png>
Package pdftex.def Info: images/attacks1.png  used on input line 183.
(pdftex.def)             Requested size: 168.4381pt x 94.97803pt.

Underfull \hbox (badness 1484) in paragraph at lines 184--184
[]\T1/cmr/m/n/12 Figure 1: |Ex-pected in-for-ma-tion
 []


Package wrapfig Warning: Collision between wrapping environments on input line 
189.

<images/attacks2.png, id=61, 322.20375pt x 182.6825pt>
File: images/attacks2.png Graphic file (type png)
<use images/attacks2.png>
Package pdftex.def Info: images/attacks2.png  used on input line 191.
(pdftex.def)             Requested size: 168.4381pt x 95.50276pt.

Package wrapfig Warning: Stationary wrapfigure forced to float on input line 19
7.

<images/attacks3.png, id=63, 322.20375pt x 181.67876pt>
File: images/attacks3.png Graphic file (type png)
<use images/attacks3.png>
Package pdftex.def Info: images/attacks3.png  used on input line 215.
(pdftex.def)             Requested size: 168.4381pt x 94.97803pt.

Package wrapfig Warning: Stationary wrapfigure forced to float on input line 22
1.

<images/attacks4.png, id=64, 322.20375pt x 181.67876pt>
File: images/attacks4.png Graphic file (type png)
<use images/attacks4.png>
Package pdftex.def Info: images/attacks4.png  used on input line 239.
(pdftex.def)             Requested size: 168.4381pt x 94.97803pt.
[3 <./images/attacks1.png> <./images/attacks2.png> <./images/attacks3.png>]

Package wrapfig Warning: Stationary wrapfigure forced to float on input line 24
5.

LaTeX Font Info:    Trying to load font information for T1+zi4 on input line 25
5.

("C:\Users\vivia\AppData\Local\Programs\MiKTeX 2.9\tex/latex/inconsolata\t1zi4.
fd"
File: t1zi4.fd 2018/01/14 T1/zi4 (Inconsolata)
)
LaTeX Font Info:    Font shape `T1/zi4/m/n' will be
(Font)              scaled to size 12.0pt on input line 255.
<images/attacks5.png, id=87, 322.20375pt x 181.67876pt>
File: images/attacks5.png Graphic file (type png)
<use images/attacks5.png>
Package pdftex.def Info: images/attacks5.png  used on input line 261.
(pdftex.def)             Requested size: 168.4381pt x 94.97803pt.


Package wrapfig Warning: Stationary wrapfigure forced to float on input line 26
7.

<images/typeofattacks.png, id=88, 814.04124pt x 201.75375pt>
File: images/typeofattacks.png Graphic file (type png)
<use images/typeofattacks.png>
Package pdftex.def Info: images/typeofattacks.png  used on input line 284.
(pdftex.def)             Requested size: 447.72406pt x 110.96489pt.
[4 <./images/attacks4.png> <./images/attacks5.png> <./images/typeofattacks.png>
]
Underfull \hbox (badness 10000) in paragraph at lines 290--291

 []

<images/enc1.png, id=108, 643.40375pt x 161.60374pt>
File: images/enc1.png Graphic file (type png)
<use images/enc1.png>
Package pdftex.def Info: images/enc1.png  used on input line 327.
(pdftex.def)             Requested size: 386.04523pt x 96.96298pt.
[5]
<images/enc2.png, id=126, 643.40375pt x 322.20375pt>
File: images/enc2.png Graphic file (type png)
<use images/enc2.png>
Package pdftex.def Info: images/enc2.png  used on input line 336.
(pdftex.def)             Requested size: 386.04523pt x 193.32373pt.
 [6 <./images/enc1.png> <./images/enc2.png>]
Underfull \hbox (badness 10000) in paragraph at lines 356--357

 []


Underfull \hbox (badness 10000) in paragraph at lines 367--368

 []

[7

]
Underfull \hbox (badness 10000) in paragraph at lines 396--397

 []

[8]
Overfull \hbox (0.12712pt too wide) in paragraph at lines 462--463
\T1/cmr/m/n/12 A group that is com-mu-ta-tive with an ad-di-tive op-er-a-tor is
 said to be an abelian group. 
 []


Underfull \hbox (badness 10000) in paragraph at lines 465--466

 []

[9pdfTeX warning (ext4): destination with the same identifier (name{equation.0.
0.1}) has been already used, duplicate ignored

\AtBegShi@Output ...ipout \box \AtBeginShipoutBox 
                                                  \fi \fi 
l.476 
      pdfTeX warning (ext4): destination with the same identifier (name{equatio
n.0.0.2}) has been already used, duplicate ignored

\AtBegShi@Output ...ipout \box \AtBeginShipoutBox 
                                                  \fi \fi 
l.476 
      pdfTeX warning (ext4): destination with the same identifier (name{equatio
n.0.0.3}) has been already used, duplicate ignored

\AtBegShi@Output ...ipout \box \AtBeginShipoutBox 
                                                  \fi \fi 
l.476 
      pdfTeX warning (ext4): destination with the same identifier (name{equatio
n.0.0.4}) has been already used, duplicate ignored

\AtBegShi@Output ...ipout \box \AtBeginShipoutBox 
                                                  \fi \fi 
l.476 
      pdfTeX warning (ext4): destination with the same identifier (name{equatio
n.0.0.5}) has been already used, duplicate ignored

\AtBegShi@Output ...ipout \box \AtBeginShipoutBox 
                                                  \fi \fi 
l.476 
      ]
Underfull \hbox (badness 10000) in paragraph at lines 491--492

 []


Underfull \hbox (badness 10000) in paragraph at lines 493--494

 []

[10]
<images/Lec2/itastatsgraph.png, id=189, 493.845pt x 316.18124pt>
File: images/Lec2/itastatsgraph.png Graphic file (type png)
<use images/Lec2/itastatsgraph.png>
Package pdftex.def Info: images/Lec2/itastatsgraph.png  used on input line 561.

(pdftex.def)             Requested size: 345.68913pt x 221.32535pt.
 [11 <./images/Lec2/itastatsgraph.png>]pdfTeX warning (ext4): destination with 
the same identifier (name{equation.0.0.1}) has been already used, duplicate ign
ored
<to be read again> 
                   \relax 
l.592 	\end{align}
                  pdfTeX warning (ext4): destination with the same identifier (
name{equation.0.0.2}) has been already used, duplicate ignored
<to be read again> 
                   \relax 
l.592 	\end{align}
                  pdfTeX warning (ext4): destination with the same identifier (
name{equation.0.0.3}) has been already used, duplicate ignored
<to be read again> 
                   \relax 
l.592 	\end{align}
                  pdfTeX warning (ext4): destination with the same identifier (
name{equation.0.0.4}) has been already used, duplicate ignored
<to be read again> 
                   \relax 
l.592 	\end{align}
                  pdfTeX warning (ext4): destination with the same identifier (
name{equation.0.0.5}) has been already used, duplicate ignored
<to be read again> 
                   \relax 
l.592 	\end{align}
                   [12]
Underfull \hbox (badness 10000) in paragraph at lines 611--612

 []

[13]pdfTeX warning (ext4): destination with the same identifier (name{equation.
0.0.1}) has been already used, duplicate ignored
<to be read again> 
                   \relax 
l.634 \begin{equation}
                       [14

]
("C:\Users\vivia\AppData\Local\Programs\MiKTeX 2.9\tex/latex/listings\lstlang1.
sty"
File: lstlang1.sty 2020/03/24 1.8d listings language file
)
LaTeX Font Info:    Font shape `T1/zi4/m/n' will be
(Font)              scaled to size 10.0pt on input line 668.


LaTeX Font Warning: Font shape `T1/zi4/m/sl' undefined
(Font)              using `T1/zi4/m/n' instead on input line 670.

LaTeX Font Info:    Font shape `T1/zi4/m/sl' will be
(Font)              scaled to size 10.0pt on input line 670.
LaTeX Font Info:    Font shape `T1/zi4/b/n' will be
(Font)              scaled to size 10.0pt on input line 672.
[15]pdfTeX warning (ext4): destination with the same identifier (name{equation.
0.0.1}) has been already used, duplicate ignored
<to be read again> 
                   \relax 
l.709 \begin{equation}
                       [16]
Underfull \hbox (badness 10000) in paragraph at lines 758--771

 []

Package hyperref Info: bookmark level for unknown exercise defaults to 0 on inp
ut line 802.
[17] [18]
<images/Lec4/typesofattacks.png, id=279, 603.25375pt x 161.60374pt>
File: images/Lec4/typesofattacks.png Graphic file (type png)
<use images/Lec4/typesofattacks.png>
Package pdftex.def Info: images/Lec4/typesofattacks.png  used on input line 856
.
(pdftex.def)             Requested size: 422.27475pt x 113.12184pt.
 [19

 <./images/Lec4/typesofattacks.png>]
Overfull \hbox (4.93799pt too wide) in paragraph at lines 942--943
[]\T1/cmr/m/n/12 If X$[]$ ex-ists, we can write X$[]$Y mod26 = X$[]$XK mod26 an
d then K = X$[]$Y mod26. 
 []


Overfull \hbox (27.91496pt too wide) in paragraph at lines 989--1005
[]\T1/cmr/m/n/12 Then, K = X$[]$Y mod 26 = $[] []$ mod26 = $[]$
 []


Underfull \hbox (badness 10000) in paragraph at lines 989--1005

 []

[20]
Overfull \hbox (6.06717pt too wide) in paragraph at lines 1012--1013
[]\T1/cmr/m/n/12 Modern ci-phers al-ways con-tain a non-linear com-po-nent to p
re-vent this kind of at-tacks. 
 []

<images/Lec4/blockciphers.png, id=297, 450.68375pt x 191.71625pt>
File: images/Lec4/blockciphers.png Graphic file (type png)
<use images/Lec4/blockciphers.png>
Package pdftex.def Info: images/Lec4/blockciphers.png  used on input line 1021.

(pdftex.def)             Requested size: 270.41232pt x 115.03062pt.
<images/Lec4/streamciphers.png, id=298, 450.68375pt x 191.71625pt>
File: images/Lec4/streamciphers.png Graphic file (type png)
<use images/Lec4/streamciphers.png>
Package pdftex.def Info: images/Lec4/streamciphers.png  used on input line 1032
.
(pdftex.def)             Requested size: 270.41232pt x 115.03062pt.
[21 <./images/Lec4/blockciphers.png> <./images/Lec4/streamciphers.png>]
[22]
<images/Lec4/encautokey.png, id=321, 450.68375pt x 191.71625pt>
File: images/Lec4/encautokey.png Graphic file (type png)
<use images/Lec4/encautokey.png>
Package pdftex.def Info: images/Lec4/encautokey.png  used on input line 1084.
(pdftex.def)             Requested size: 270.41232pt x 115.03062pt.

Underfull \hbox (badness 10000) in paragraph at lines 1090--1092

 []


Underfull \hbox (badness 10000) in paragraph at lines 1093--1097

 []


Underfull \hbox (badness 10000) in paragraph at lines 1120--1124

 []

[23 <./images/Lec4/encautokey.png>]
Underfull \hbox (badness 10000) in paragraph at lines 1145--1147

 []


Overfull \hbox (4.4152pt too wide) in paragraph at lines 1163--1179
[]\T1/cmr/m/n/12 Then, K = X$[]$Y mod 26 = $[] []$ mod26 = $[]$
 []


Underfull \hbox (badness 10000) in paragraph at lines 1163--1179

 []

[24]pdfTeX warning (ext4): destination with the same identifier (name{equation.
0.0.1}) has been already used, duplicate ignored
<to be read again> 
                   \relax 
l.1209 \begin{equation}
                        [25

]
Underfull \hbox (badness 10000) in paragraph at lines 1234--1237

 []

pdfTeX warning (ext4): destination with the same identifier (name{equation.0.0.
1}) has been already used, duplicate ignored
<to be read again> 
                   \relax 
l.1242 	\begin{equation}
                        pdfTeX warning (ext4): destination with the same identi
fier (name{equation.0.0.1}) has been already used, duplicate ignored
<to be read again> 
                   \relax 
l.1255 	\end{align}
                   pdfTeX warning (ext4): destination with the same identifier 
(name{equation.0.0.2}) has been already used, duplicate ignored
<to be read again> 
                   \relax 
l.1255 	\end{align}
                   pdfTeX warning (ext4): destination with the same identifier 
(name{equation.0.0.1}) has been already used, duplicate ignored
<to be read again> 
                   \relax 
l.1263 \begin{equation}
                       pdfTeX warning (ext4): destination with the same identif
ier (name{equation.0.0.1}) has been already used, duplicate ignored
<to be read again> 
                   \relax 
l.1269 \begin{equation}
                       pdfTeX warning (ext4): destination with the same identif
ier (name{equation.0.0.1}) has been already used, duplicate ignored
<to be read again> 
                   \relax 
l.1279 	\end{align}
                   pdfTeX warning (ext4): destination with the same identifier 
(name{equation.0.0.2}) has been already used, duplicate ignored
<to be read again> 
                   \relax 
l.1279 	\end{align}
                    [26]pdfTeX warning (ext4): destination with the same identi
fier (name{equation.0.0.1}) has been already used, duplicate ignored
<to be read again> 
                   \relax 
l.1292 	\end{align}
                   pdfTeX warning (ext4): destination with the same identifier 
(name{equation.0.0.2}) has been already used, duplicate ignored
<to be read again> 
                   \relax 
l.1292 	\end{align}
                   pdfTeX warning (ext4): destination with the same identifier 
(name{equation.0.0.1}) has been already used, duplicate ignored
<to be read again> 
                   \relax 
l.1300 	\end{align}
                   pdfTeX warning (ext4): destination with the same identifier 
(name{equation.0.0.2}) has been already used, duplicate ignored
<to be read again> 
                   \relax 
l.1300 	\end{align}
                   pdfTeX warning (ext4): destination with the same identifier 
(name{equation.0.0.1}) has been already used, duplicate ignored
<to be read again> 
                   \relax 
l.1312 	\end{align}
                   pdfTeX warning (ext4): destination with the same identifier 
(name{equation.0.0.2}) has been already used, duplicate ignored
<to be read again> 
                   \relax 
l.1312 	\end{align}
                   pdfTeX warning (ext4): destination with the same identifier 
(name{equation.0.0.1}) has been already used, duplicate ignored
<to be read again> 
                   \relax 
l.1320 	\end{align}
                   pdfTeX warning (ext4): destination with the same identifier 
(name{equation.0.0.2}) has been already used, duplicate ignored
<to be read again> 
                   \relax 
l.1320 	\end{align}
                    [27] [28]pdfTeX warning (ext4): destination with the same i
dentifier (name{equation.0.0.1}) has been already used, duplicate ignored
<to be read again> 
                   \relax 
l.1356 	\end{align}
                   pdfTeX warning (ext4): destination with the same identifier 
(name{equation.0.0.2}) has been already used, duplicate ignored
<to be read again> 
                   \relax 
l.1356 	\end{align}
                   pdfTeX warning (ext4): destination with the same identifier 
(name{equation.0.0.3}) has been already used, duplicate ignored
<to be read again> 
                   \relax 
l.1356 	\end{align}
                   pdfTeX warning (ext4): destination with the same identifier 
(name{equation.0.0.4}) has been already used, duplicate ignored
<to be read again> 
                   \relax 
l.1356 	\end{align}
                   pdfTeX warning (ext4): destination with the same identifier 
(name{equation.0.0.1}) has been already used, duplicate ignored
<to be read again> 
                   \relax 
l.1364 	\end{align}
                   pdfTeX warning (ext4): destination with the same identifier 
(name{equation.0.0.2}) has been already used, duplicate ignored
<to be read again> 
                   \relax 
l.1364 	\end{align}
                    [29

]pdfTeX warning (ext4): destination with the same identifier (name{equation.0.0
.1}) has been already used, duplicate ignored
<to be read again> 
                   \relax 
l.1372 	\end{align}
                   pdfTeX warning (ext4): destination with the same identifier 
(name{equation.0.0.2}) has been already used, duplicate ignored
<to be read again> 
                   \relax 
l.1372 	\end{align}
                   
Package hyperref Info: bookmark level for unknown theorem defaults to 0 on inpu
t line 1376.

Overfull \hbox (3.14561pt too wide) in paragraph at lines 1404--1405
\T1/cmr/m/n/12 Since it is a real word, $\OML/cmm/m/it/12 p[]$\T1/cmr/m/n/12 (G
OOFY)>0. We want to find a y such that $\OML/cmm/m/it/12 p[]$\T1/cmr/m/n/12 (GO
OFY|y)$\OMS/cmsy/m/n/12 6\OT1/cmr/m/n/12 =
 []

[30] [31] [32] [33

] [34] [35]pdfTeX warning (ext4): destination with the same identifier (name{eq
uation.0.0.1}) has been already used, duplicate ignored
<to be read again> 
                   \relax 
l.1598 	\end{align}
                   pdfTeX warning (ext4): destination with the same identifier 
(name{equation.0.0.2}) has been already used, duplicate ignored
<to be read again> 
                   \relax 
l.1598 	\end{align}
                   pdfTeX warning (ext4): destination with the same identifier 
(name{equation.0.0.3}) has been already used, duplicate ignored
<to be read again> 
                   \relax 
l.1598 	\end{align}
                   pdfTeX warning (ext4): destination with the same identifier 
(name{equation.0.0.4}) has been already used, duplicate ignored
<to be read again> 
                   \relax 
l.1598 	\end{align}
                   pdfTeX warning (ext4): destination with the same identifier 
(name{equation.0.0.5}) has been already used, duplicate ignored
<to be read again> 
                   \relax 
l.1598 	\end{align}
                    [36]
Overfull \hbox (4.0252pt too wide) in paragraph at lines 1635--1636
[]\T1/cmr/m/n/12 Now we need to di-vide x$[]$+x$[]$+x$[]$+x$[]$+x$[]$+x by the 
ir-re-ducible poly-no-mial x$[]$+x$[]$+x$[]$+x+1
 []

[37]
Overfull \hbox (5.90497pt too wide) in paragraph at lines 1689--1691
\T1/zi4/m/n/12 AESmult(0b11010011,0b00111010) \T1/cmr/m/n/12 will pro-duce 197 
as re-sult, \T1/zi4/m/n/12 bin (AESmult (0b11010011,
 []

[38

]
<images/Lec8/AddRoundKey.png, id=493, 1284.8pt x 999.735pt>
File: images/Lec8/AddRoundKey.png Graphic file (type png)
<use images/Lec8/AddRoundKey.png>
Package pdftex.def Info: images/Lec8/AddRoundKey.png  used on input line 1731.
(pdftex.def)             Requested size: 204.85846pt x 159.39644pt.
 [39]
Underfull \hbox (badness 10000) in paragraph at lines 1737--1739

 []

<images/Lec8/SubBytes.png, id=502, 1927.2pt x 999.735pt>
File: images/Lec8/SubBytes.png Graphic file (type png)
<use images/Lec8/SubBytes.png>
Package pdftex.def Info: images/Lec8/SubBytes.png  used on input line 1742.
(pdftex.def)             Requested size: 204.85846pt x 106.2643pt.
<images/Lec8/sbox1.png, id=503, 297.36093pt x 282.30469pt>
File: images/Lec8/sbox1.png Graphic file (type png)
<use images/Lec8/sbox1.png>
Package pdftex.def Info: images/Lec8/sbox1.png  used on input line 1751.
(pdftex.def)             Requested size: 208.15123pt x 197.61192pt.
<images/Lec8/ShiftRows.png, id=504, 1927.2pt x 713.66624pt>
File: images/Lec8/ShiftRows.png Graphic file (type png)
<use images/Lec8/ShiftRows.png>
Package pdftex.def Info: images/Lec8/ShiftRows.png  used on input line 1758.
(pdftex.def)             Requested size: 204.85846pt x 75.85733pt.
[40 <./images/Lec8/AddRoundKey.png> <./images/Lec8/SubBytes.png> <./images/Lec8
/sbox1.png>]
<images/Lec8/MixColumns.png, id=517, 1927.2pt x 1022.82124pt>
File: images/Lec8/MixColumns.png Graphic file (type png)
<use images/Lec8/MixColumns.png>
Package pdftex.def Info: images/Lec8/MixColumns.png  used on input line 1796.
(pdftex.def)             Requested size: 204.85846pt x 108.71819pt.

Underfull \hbox (badness 2057) in paragraph at lines 1800--1802
\T1/cmr/m/n/12 This is ex-panded into an ar-ray of size
 []

[41 <./images/Lec8/ShiftRows.png> <./images/Lec8/MixColumns.png>]
<images/Lec8/inversesbox.png, id=542, 297.36093pt x 282.30469pt>
File: images/Lec8/inversesbox.png Graphic file (type png)
<use images/Lec8/inversesbox.png>
Package pdftex.def Info: images/Lec8/inversesbox.png  used on input line 1840.
(pdftex.def)             Requested size: 208.15123pt x 197.61192pt.
 [42 <./images/Lec8/inversesbox.png>] [43]
File: images/Lec4/blockciphers.png Graphic file (type png)
<use images/Lec4/blockciphers.png>
Package pdftex.def Info: images/Lec4/blockciphers.png  used on input line 1926.

(pdftex.def)             Requested size: 270.41232pt x 115.03062pt.
<images/Lec9/ECBDec.png, id=583, 450.68375pt x 191.71625pt>
File: images/Lec9/ECBDec.png Graphic file (type png)
<use images/Lec9/ECBDec.png>
Package pdftex.def Info: images/Lec9/ECBDec.png  used on input line 1933.
(pdftex.def)             Requested size: 270.41232pt x 115.03062pt.
 [44

]
<images/Lec9/imageECB.png, id=595, 356.83313pt x 196.48407pt>
File: images/Lec9/imageECB.png Graphic file (type png)
<use images/Lec9/imageECB.png>
Package pdftex.def Info: images/Lec9/imageECB.png  used on input line 1963.
(pdftex.def)             Requested size: 249.78148pt x 137.5379pt.
 [45 <./images/Lec9/ECBDec.png>]
<images/Lec9/encCBC.png, id=606, 456.70625pt x 272.01625pt>
File: images/Lec9/encCBC.png Graphic file (type png)
<use images/Lec9/encCBC.png>
Package pdftex.def Info: images/Lec9/encCBC.png  used on input line 1974.
(pdftex.def)             Requested size: 251.18921pt x 149.60939pt.
<images/Lec9/decCBC.png, id=607, 457.71pt x 272.01625pt>
File: images/Lec9/decCBC.png Graphic file (type png)
<use images/Lec9/decCBC.png>
Package pdftex.def Info: images/Lec9/decCBC.png  used on input line 1981.
(pdftex.def)             Requested size: 251.74129pt x 149.60939pt.
 [46 <./images/Lec9/imageECB.png> <./images/Lec9/encCBC.png> <./images/Lec9/dec
CBC.png>]pdfTeX warning (ext4): destination with the same identifier (name{equa
tion.0.0.1}) has been already used, duplicate ignored
<to be read again> 
                   \relax 
l.2012 	\end{align}
                   pdfTeX warning (ext4): destination with the same identifier 
(name{equation.0.0.2}) has been already used, duplicate ignored
<to be read again> 
                   \relax 
l.2012 	\end{align}
                   pdfTeX warning (ext4): destination with the same identifier 
(name{equation.0.0.3}) has been already used, duplicate ignored
<to be read again> 
                   \relax 
l.2012 	\end{align}
                   pdfTeX warning (ext4): destination with the same identifier 
(name{equation.0.0.4}) has been already used, duplicate ignored
<to be read again> 
                   \relax 
l.2012 	\end{align}
                   pdfTeX warning (ext4): destination with the same identifier 
(name{equation.0.0.5}) has been already used, duplicate ignored
<to be read again> 
                   \relax 
l.2012 	\end{align}
                   
<images/Lec9/encOFB.png, id=620, 462.72874pt x 295.1025pt>
File: images/Lec9/encOFB.png Graphic file (type png)
<use images/Lec9/encOFB.png>
Package pdftex.def Info: images/Lec9/encOFB.png  used on input line 2023.
(pdftex.def)             Requested size: 254.50159pt x 162.30685pt.
 [47]
<images/Lec9/decOFB.png, id=631, 462.72874pt x 295.1025pt>
File: images/Lec9/decOFB.png Graphic file (type png)
<use images/Lec9/decOFB.png>
Package pdftex.def Info: images/Lec9/decOFB.png  used on input line 2030.
(pdftex.def)             Requested size: 254.50159pt x 162.30685pt.
 [48 <./images/Lec9/encOFB.png> <./images/Lec9/decOFB.png>]
<images/Lec9/encCTR.png, id=640, 434.3427pt x 144.54pt>
File: images/Lec9/encCTR.png Graphic file (type png)
<use images/Lec9/encCTR.png>
Package pdftex.def Info: images/Lec9/encCTR.png  used on input line 2058.
(pdftex.def)             Requested size: 347.47464pt x 115.63214pt.
<images/Lec9/encCFB.png, id=643, 498.86375pt x 317.185pt>
File: images/Lec9/encCFB.png Graphic file (type png)
<use images/Lec9/encCFB.png>
Package pdftex.def Info: images/Lec9/encCFB.png  used on input line 2071.
(pdftex.def)             Requested size: 274.37592pt x 174.45227pt.
 [49 <./images/Lec9/encCTR.png>]
<images/Lec9/decCFB.png, id=655, 498.86375pt x 317.185pt>
File: images/Lec9/decCFB.png Graphic file (type png)
<use images/Lec9/decCFB.png>
Package pdftex.def Info: images/Lec9/decCFB.png  used on input line 2078.
(pdftex.def)             Requested size: 274.37592pt x 174.45227pt.
 [50 <./images/Lec9/encCFB.png> <./images/Lec9/decCFB.png>] [51] [52]
<images/Lec10/DESschema.png, id=675, 450.9347pt x 486.31688pt>
File: images/Lec10/DESschema.png Graphic file (type png)
<use images/Lec10/DESschema.png>
Package pdftex.def Info: images/Lec10/DESschema.png  used on input line 2241.
(pdftex.def)             Requested size: 204.85846pt x 220.93318pt.

Underfull \hbox (badness 1038) in paragraph at lines 2248--2249
\T1/cmr/m/n/12 a-tions: Ex-pan-sion (from 32 to 48 bits),
 []

<images/Lec10/feistel.png, id=677, 1027.84pt x 1046.91125pt>
File: images/Lec10/feistel.png Graphic file (type png)
<use images/Lec10/feistel.png>
Package pdftex.def Info: images/Lec10/feistel.png  used on input line 2254.
(pdftex.def)             Requested size: 154.16934pt x 157.0299pt.
[53

 <./images/Lec10/DESschema.png>] [54 <./images/Lec10/feistel.png>] [55]
[56]
Overfull \hbox (11.24834pt too wide) detected at line 2386
\OML/cmm/m/it/12 D[]\OT1/cmr/m/n/12 (11\OML/cmm/m/it/12 ; \OT1/cmr/m/n/12 7) = 
(11\OML/cmm/m/it/12 ; \OT1/cmr/m/n/12 7) [] []26 = (176 + 35\OML/cmm/m/it/12 ; 
\OT1/cmr/m/n/12 55 + 77)[]26 = (211\OML/cmm/m/it/12 ; \OT1/cmr/m/n/12 132)[]26 
= (3\OML/cmm/m/it/12 ; \OT1/cmr/m/n/12 2)
 []

[57]
<images/Lec11/simmkeys.png, id=720, 334.24875pt x 246.1697pt>
File: images/Lec11/simmkeys.png Graphic file (type png)
<use images/Lec11/simmkeys.png>
Package pdftex.def Info: images/Lec11/simmkeys.png  used on input line 2394.
(pdftex.def)             Requested size: 204.85846pt x 150.88072pt.
<images/Lec11/publickeys.png, id=721, 512.66531pt x 294.34969pt>
File: images/Lec11/publickeys.png Graphic file (type png)
<use images/Lec11/publickeys.png>
Package pdftex.def Info: images/Lec11/publickeys.png  used on input line 2410.
(pdftex.def)             Requested size: 204.85846pt x 117.621pt.
<images/Lec11/asymenc.png, id=723, 369.63094pt x 202.50656pt>
File: images/Lec11/asymenc.png Graphic file (type png)
<use images/Lec11/asymenc.png>
Package pdftex.def Info: images/Lec11/asymenc.png  used on input line 2422.
(pdftex.def)             Requested size: 240.25725pt x 131.62769pt.
 [58

 <./images/Lec11/simmkeys.png> <./images/Lec11/publickeys.png>]
Overfull \hbox (20.31136pt too wide) in paragraph at lines 2429--2430
[]\T1/cmr/m/n/12 Encryption and de-cryp-tion al-go-rithms are de-fined such tha
t D$[]$(E$[]$(M)) = M holds. 
 []

[59 <./images/Lec11/asymenc.png>] [60] [61] 
AED: lastpage setting LastPage
[62]
Package atveryend Info: Empty hook `BeforeClearDocument' on input line 2563.
Package atveryend Info: Empty hook `AfterLastShipout' on input line 2563.
 (main.aux)
Package atveryend Info: Executing hook `AtVeryEndDocument' on input line 2563.
Package atveryend Info: Executing hook `AtEndAfterFileList' on input line 2563.

Package rerunfilecheck Info: File `main.out' has not changed.
(rerunfilecheck)             Checksum: D41D8CD98F00B204E9800998ECF8427E;0.


LaTeX Font Warning: Some font shapes were not available, defaults substituted.

Package logreq Info: Writing requests to 'main.run.xml'.
\openout1 = `main.run.xml'.

 ) 
Here is how much of TeX's memory you used:
 36387 strings out of 480893
 691208 string characters out of 2898027
 1412538 words of memory out of 3000000
 51123 multiletter control sequences out of 15000+200000
 555095 words of font info for 81 fonts, out of 3000000 for 9000
 1141 hyphenation exceptions out of 8191
 81i,12n,96p,827b,2484s stack positions out of 5000i,500n,10000p,200000b,50000s
{C:/Users/vivia/AppData/Local/Programs/MiKTeX 2.9/fonts/enc/dvips/cm-super/cm
-super-t1.enc}{C:/Users/vivia/AppData/Local/Programs/MiKTeX 2.9/fonts/enc/dvips
/inconsolata/i4-t1-0.enc}{C:/Users/vivia/AppData/Local/Programs/MiKTeX 2.9/font
s/enc/dvips/cm-super/cm-super-ts1.enc}<C:/Users/vivia/AppData/Local/Programs/Mi
KTeX 2.9/fonts/type1/public/inconsolata/Inconsolata-zi4b.pfb><C:/Users/vivia/Ap
pData/Local/Programs/MiKTeX 2.9/fonts/type1/public/inconsolata/Inconsolata-zi4r
.pfb><C:/Users/vivia/AppData/Local/Programs/MiKTeX 2.9/fonts/type1/public/amsfo
nts/cm/cmex10.pfb><C:/Users/vivia/AppData/Local/Programs/MiKTeX 2.9/fonts/type1
/public/amsfonts/cm/cmmi12.pfb><C:/Users/vivia/AppData/Local/Programs/MiKTeX 2.
9/fonts/type1/public/amsfonts/cm/cmmi6.pfb><C:/Users/vivia/AppData/Local/Progra
ms/MiKTeX 2.9/fonts/type1/public/amsfonts/cm/cmmi8.pfb><C:/Users/vivia/AppData/
Local/Programs/MiKTeX 2.9/fonts/type1/public/amsfonts/cm/cmr12.pfb><C:/Users/vi
via/AppData/Local/Programs/MiKTeX 2.9/fonts/type1/public/amsfonts/cm/cmr6.pfb><
C:/Users/vivia/AppData/Local/Programs/MiKTeX 2.9/fonts/type1/public/amsfonts/cm
/cmr8.pfb><C:/Users/vivia/AppData/Local/Programs/MiKTeX 2.9/fonts/type1/public/
amsfonts/cm/cmsy10.pfb><C:/Users/vivia/AppData/Local/Programs/MiKTeX 2.9/fonts/
type1/public/amsfonts/cm/cmsy8.pfb><C:/Users/vivia/AppData/Local/Programs/MiKTe
X 2.9/fonts/type1/public/amsfonts/symbols/msam10.pfb><C:/Users/vivia/AppData/Lo
cal/Programs/MiKTeX 2.9/fonts/type1/public/cm-super/sfbi1200.pfb><C:/Users/vivi
a/AppData/Local/Programs/MiKTeX 2.9/fonts/type1/public/cm-super/sfbx1200.pfb><C
:/Users/vivia/AppData/Local/Programs/MiKTeX 2.9/fonts/type1/public/cm-super/sfb
x1728.pfb><C:/Users/vivia/AppData/Local/Programs/MiKTeX 2.9/fonts/type1/public/
cm-super/sfbx2488.pfb><C:/Users/vivia/AppData/Local/Programs/MiKTeX 2.9/fonts/t
ype1/public/cm-super/sfcc1440.pfb><C:/Users/vivia/AppData/Local/Programs/MiKTeX
 2.9/fonts/type1/public/cm-super/sfcc1728.pfb><C:/Users/vivia/AppData/Local/Pro
grams/MiKTeX 2.9/fonts/type1/public/cm-super/sfcc2074.pfb><C:/Users/vivia/AppDa
ta/Local/Programs/MiKTeX 2.9/fonts/type1/public/cm-super/sfrm0800.pfb><C:/Users
/vivia/AppData/Local/Programs/MiKTeX 2.9/fonts/type1/public/cm-super/sfrm1000.p
fb><C:/Users/vivia/AppData/Local/Programs/MiKTeX 2.9/fonts/type1/public/cm-supe
r/sfrm1200.pfb><C:/Users/vivia/AppData/Local/Programs/MiKTeX 2.9/fonts/type1/pu
blic/cm-super/sfrm1440.pfb><C:/Users/vivia/AppData/Local/Programs/MiKTeX 2.9/fo
nts/type1/public/cm-super/sfrm1728.pfb><C:/Users/vivia/AppData/Local/Programs/M
iKTeX 2.9/fonts/type1/public/cm-super/sfti1200.pfb><C:/Users/vivia/AppData/Loca
l/Programs/MiKTeX 2.9/fonts/type1/public/cm-super/sfti1440.pfb>
Output written on main.pdf (63 pages, 1814561 bytes).
PDF statistics:
 961 PDF objects out of 1000 (max. 8388607)
 419 named destinations out of 1000 (max. 500000)
 183 words of extra memory for PDF output out of 10000 (max. 10000000)

